#
# A fatal error has been detected by the Java Runtime Environment:
#
#  EXCEPTION_ACCESS_VIOLATION (0xc0000005) at pc=0x63e48d2c, pid=2916, tid=2184
#
# JRE version: Java(TM) SE Runtime Environment (8.0_73-b02) (build 1.8.0_73-b02)
# Java VM: Java HotSpot(TM) Client VM (25.73-b02 mixed mode, sharing windows-x86 )
# Problematic frame:
# V  [jvm.dll+0xd8d2c]
#
# Failed to write core dump. Minidumps are not enabled by default on client versions of Windows
#
# If you would like to submit a bug report, please visit:
#   http://bugreport.java.com/bugreport/crash.jsp
#

---------------  T H R E A D  ---------------

Current thread (0x1613ac00):  JavaThread "AWT-EventQueue-0" [_thread_in_vm, id=2184, stack(0x16c60000,0x16cb0000)]

siginfo: ExceptionCode=0xc0000005, reading address 0x00000000

Registers:
EAX=0x00000000, EBX=0x00000000, ECX=0x00000000, EDX=0x640c26b8
ESP=0x16cad348, EBP=0x16cad358, ESI=0x1613ac00, EDI=0x00000000
EIP=0x63e48d2c, EFLAGS=0x00010246

Top of Stack: (sp=0x16cad348)
0x16cad348:   1613ac00 00000006 00000000 1613ad40
0x16cad358:   16cad3b8 17a3176e 1613ad40 00000000
0x16cad368:   559b03ad 1613ac00 18ad9e90 18ad9e98
0x16cad378:   0272b100 00015338 1613ac00 16cad3ac
0x16cad388:   63defa10 1613ac00 196b0870 00000008
0x16cad398:   1613ac00 18ad9e90 00000000 18ad9e98
0x16cad3a8:   16cad368 16cadae8 17a32858 00000000
0x16cad3b8:   16cad3fc 0275c0c3 1613ad40 16cad414 

Instructions: (pc=0x63e48d2c)
0x63e48d0c:   00 00 81 fa ac de 00 00 74 09 e8 75 d1 09 00 33
0x63e48d1c:   f6 eb 02 8b f1 6a 06 56 e8 87 e0 f2 ff 8b 45 0c
0x63e48d2c:   8b 08 8b 79 08 6a 04 6a 06 56 e8 f5 df f2 ff 83
0x63e48d3c:   c4 14 8b c7 5f 5e 5d c2 08 00 cc cc cc cc cc cc 


Register to memory mapping:

EAX=0x00000000 is an unknown value
EBX=0x00000000 is an unknown value
ECX=0x00000000 is an unknown value
EDX=0x640c26b8 is an unknown value
ESP=0x16cad348 is pointing into the stack for thread: 0x1613ac00
EBP=0x16cad358 is pointing into the stack for thread: 0x1613ac00
ESI=0x1613ac00 is a thread
EDI=0x00000000 is an unknown value


Stack: [0x16c60000,0x16cb0000],  sp=0x16cad348,  free space=308k
Native frames: (J=compiled Java code, j=interpreted, Vv=VM code, C=native code)
V  [jvm.dll+0xd8d2c]
C  [otmcjni.dll+0x176e]
j  com.digitalpersona.onetouch.jni.Matcher.verify([B[B)Lcom/digitalpersona/onetouch/jni/VerificationResult;+0
j  com.digitalpersona.onetouch.verification._impl.DPFPVerificationFactoryImpl$VerificationImpl.verify(Lcom/digitalpersona/onetouch/DPFPFeatureSet;Lcom/digitalpersona/onetouch/DPFPTemplate;)Lcom/digitalpersona/onetouch/verification/DPFPVerificationResult;+16
j  birdpoint.util.LeitorBiometrico.verify(Ljava/lang/String;Lcom/digitalpersona/onetouch/DPFPTemplate;)Z+99
j  birdpoint.telas.CadastroConfirmarPresentePonto.compararDigital()V+9
j  birdpoint.telas.CadastroConfirmarPresentePonto.btPesquisar2ActionPerformed(Ljava/awt/event/ActionEvent;)V+1
j  birdpoint.telas.CadastroConfirmarPresentePonto.access$800(Lbirdpoint/telas/CadastroConfirmarPresentePonto;Ljava/awt/event/ActionEvent;)V+2
j  birdpoint.telas.CadastroConfirmarPresentePonto$9.actionPerformed(Ljava/awt/event/ActionEvent;)V+5
j  javax.swing.AbstractButton.fireActionPerformed(Ljava/awt/event/ActionEvent;)V+83
j  javax.swing.AbstractButton$Handler.actionPerformed(Ljava/awt/event/ActionEvent;)V+5
j  javax.swing.DefaultButtonModel.fireActionPerformed(Ljava/awt/event/ActionEvent;)V+34
j  javax.swing.DefaultButtonModel.setPressed(Z)V+117
j  javax.swing.plaf.basic.BasicButtonListener.mouseReleased(Ljava/awt/event/MouseEvent;)V+35
j  java.awt.Component.processMouseEvent(Ljava/awt/event/MouseEvent;)V+64
j  javax.swing.JComponent.processMouseEvent(Ljava/awt/event/MouseEvent;)V+23
j  java.awt.Component.processEvent(Ljava/awt/AWTEvent;)V+81
j  java.awt.Container.processEvent(Ljava/awt/AWTEvent;)V+18
j  java.awt.Component.dispatchEventImpl(Ljava/awt/AWTEvent;)V+589
j  java.awt.Container.dispatchEventImpl(Ljava/awt/AWTEvent;)V+42
j  java.awt.Component.dispatchEvent(Ljava/awt/AWTEvent;)V+2
j  java.awt.LightweightDispatcher.retargetMouseEvent(Ljava/awt/Component;ILjava/awt/event/MouseEvent;)V+327
j  java.awt.LightweightDispatcher.processMouseEvent(Ljava/awt/event/MouseEvent;)Z+155
j  java.awt.LightweightDispatcher.dispatchEvent(Ljava/awt/AWTEvent;)Z+50
j  java.awt.Container.dispatchEventImpl(Ljava/awt/AWTEvent;)V+12
j  java.awt.Window.dispatchEventImpl(Ljava/awt/AWTEvent;)V+19
j  java.awt.Component.dispatchEvent(Ljava/awt/AWTEvent;)V+2
j  java.awt.EventQueue.dispatchEventImpl(Ljava/awt/AWTEvent;Ljava/lang/Object;)V+41
j  java.awt.EventQueue.access$500(Ljava/awt/EventQueue;Ljava/awt/AWTEvent;Ljava/lang/Object;)V+3
j  java.awt.EventQueue$3.run()Ljava/lang/Void;+32
j  java.awt.EventQueue$3.run()Ljava/lang/Object;+1
v  ~StubRoutines::call_stub
V  [jvm.dll+0x158bf5]
V  [jvm.dll+0x21e0be]
V  [jvm.dll+0x158c8e]
V  [jvm.dll+0x10958f]
C  [java.dll+0x102f]
j  java.security.ProtectionDomain$JavaSecurityAccessImpl.doIntersectionPrivilege(Ljava/security/PrivilegedAction;Ljava/security/AccessControlContext;Ljava/security/AccessControlContext;)Ljava/lang/Object;+18
j  java.security.ProtectionDomain$JavaSecurityAccessImpl.doIntersectionPrivilege(Ljava/security/PrivilegedAction;Ljava/security/AccessControlContext;)Ljava/lang/Object;+6
j  java.awt.EventQueue$4.run()Ljava/lang/Void;+11
j  java.awt.EventQueue$4.run()Ljava/lang/Object;+1
v  ~StubRoutines::call_stub
V  [jvm.dll+0x158bf5]
V  [jvm.dll+0x21e0be]
V  [jvm.dll+0x158c8e]
V  [jvm.dll+0x10958f]
C  [java.dll+0x102f]
j  java.security.ProtectionDomain$JavaSecurityAccessImpl.doIntersectionPrivilege(Ljava/security/PrivilegedAction;Ljava/security/AccessControlContext;Ljava/security/AccessControlContext;)Ljava/lang/Object;+18
j  java.awt.EventQueue.dispatchEvent(Ljava/awt/AWTEvent;)V+73
j  java.awt.EventDispatchThread.pumpOneEventForFilters(I)V+245
j  java.awt.EventDispatchThread.pumpEventsForFilter(ILjava/awt/Conditional;Ljava/awt/EventFilter;)V+35
j  java.awt.EventDispatchThread.pumpEventsForFilter(Ljava/awt/Conditional;Ljava/awt/EventFilter;)V+4
j  java.awt.WaitDispatchSupport$2.run()V+59
j  java.awt.WaitDispatchSupport$4.run()Ljava/lang/Void;+4
j  java.awt.WaitDispatchSupport$4.run()Ljava/lang/Object;+1
v  ~StubRoutines::call_stub
V  [jvm.dll+0x158bf5]
V  [jvm.dll+0x21e0be]
V  [jvm.dll+0x158c8e]
V  [jvm.dll+0x10958f]
C  [java.dll+0x1015]
j  java.awt.WaitDispatchSupport.enter()Z+279
j  java.awt.Dialog.show()V+233
j  java.awt.Component.show(Z)V+5
j  java.awt.Component.setVisible(Z)V+2
j  java.awt.Window.setVisible(Z)V+2
j  java.awt.Dialog.setVisible(Z)V+2
j  birdpoint.telas.CadastroConfirmarPresentePonto$10.run()V+30
j  java.awt.event.InvocationEvent.dispatch()V+47
j  java.awt.EventQueue.dispatchEventImpl(Ljava/awt/AWTEvent;Ljava/lang/Object;)V+21
j  java.awt.EventQueue.access$500(Ljava/awt/EventQueue;Ljava/awt/AWTEvent;Ljava/lang/Object;)V+3
j  java.awt.EventQueue$3.run()Ljava/lang/Void;+32
j  java.awt.EventQueue$3.run()Ljava/lang/Object;+1
v  ~StubRoutines::call_stub
V  [jvm.dll+0x158bf5]
V  [jvm.dll+0x21e0be]
V  [jvm.dll+0x158c8e]
V  [jvm.dll+0x10958f]
C  [java.dll+0x102f]
j  java.security.ProtectionDomain$JavaSecurityAccessImpl.doIntersectionPrivilege(Ljava/security/PrivilegedAction;Ljava/security/AccessControlContext;Ljava/security/AccessControlContext;)Ljava/lang/Object;+18
j  java.awt.EventQueue.dispatchEvent(Ljava/awt/AWTEvent;)V+46
j  java.awt.EventDispatchThread.pumpOneEventForFilters(I)V+245
j  java.awt.EventDispatchThread.pumpEventsForFilter(ILjava/awt/Conditional;Ljava/awt/EventFilter;)V+35
j  java.awt.EventDispatchThread.pumpEventsForHierarchy(ILjava/awt/Conditional;Ljava/awt/Component;)V+11
j  java.awt.EventDispatchThread.pumpEvents(ILjava/awt/Conditional;)V+4
j  java.awt.EventDispatchThread.pumpEvents(Ljava/awt/Conditional;)V+3
j  java.awt.EventDispatchThread.run()V+9
v  ~StubRoutines::call_stub
V  [jvm.dll+0x158bf5]
V  [jvm.dll+0x21e0be]
V  [jvm.dll+0x158c8e]
V  [jvm.dll+0x158e16]
V  [jvm.dll+0x158e87]
V  [jvm.dll+0xfd68f]
V  [jvm.dll+0x17c03c]
V  [jvm.dll+0x17c12a]
V  [jvm.dll+0x1c0636]
C  [msvcr100.dll+0x5c556]
C  [msvcr100.dll+0x5c600]
C  [KERNEL32.DLL+0x1919f]
...<more frames>...

Java frames: (J=compiled Java code, j=interpreted, Vv=VM code)
j  com.digitalpersona.onetouch.jni.Matcher.verify([B[B)Lcom/digitalpersona/onetouch/jni/VerificationResult;+0
j  com.digitalpersona.onetouch.verification._impl.DPFPVerificationFactoryImpl$VerificationImpl.verify(Lcom/digitalpersona/onetouch/DPFPFeatureSet;Lcom/digitalpersona/onetouch/DPFPTemplate;)Lcom/digitalpersona/onetouch/verification/DPFPVerificationResult;+16
j  birdpoint.util.LeitorBiometrico.verify(Ljava/lang/String;Lcom/digitalpersona/onetouch/DPFPTemplate;)Z+99
j  birdpoint.telas.CadastroConfirmarPresentePonto.compararDigital()V+9
j  birdpoint.telas.CadastroConfirmarPresentePonto.btPesquisar2ActionPerformed(Ljava/awt/event/ActionEvent;)V+1
j  birdpoint.telas.CadastroConfirmarPresentePonto.access$800(Lbirdpoint/telas/CadastroConfirmarPresentePonto;Ljava/awt/event/ActionEvent;)V+2
j  birdpoint.telas.CadastroConfirmarPresentePonto$9.actionPerformed(Ljava/awt/event/ActionEvent;)V+5
j  javax.swing.AbstractButton.fireActionPerformed(Ljava/awt/event/ActionEvent;)V+83
j  javax.swing.AbstractButton$Handler.actionPerformed(Ljava/awt/event/ActionEvent;)V+5
j  javax.swing.DefaultButtonModel.fireActionPerformed(Ljava/awt/event/ActionEvent;)V+34
j  javax.swing.DefaultButtonModel.setPressed(Z)V+117
j  javax.swing.plaf.basic.BasicButtonListener.mouseReleased(Ljava/awt/event/MouseEvent;)V+35
j  java.awt.Component.processMouseEvent(Ljava/awt/event/MouseEvent;)V+64
j  javax.swing.JComponent.processMouseEvent(Ljava/awt/event/MouseEvent;)V+23
j  java.awt.Component.processEvent(Ljava/awt/AWTEvent;)V+81
j  java.awt.Container.processEvent(Ljava/awt/AWTEvent;)V+18
j  java.awt.Component.dispatchEventImpl(Ljava/awt/AWTEvent;)V+589
j  java.awt.Container.dispatchEventImpl(Ljava/awt/AWTEvent;)V+42
j  java.awt.Component.dispatchEvent(Ljava/awt/AWTEvent;)V+2
j  java.awt.LightweightDispatcher.retargetMouseEvent(Ljava/awt/Component;ILjava/awt/event/MouseEvent;)V+327
j  java.awt.LightweightDispatcher.processMouseEvent(Ljava/awt/event/MouseEvent;)Z+155
j  java.awt.LightweightDispatcher.dispatchEvent(Ljava/awt/AWTEvent;)Z+50
j  java.awt.Container.dispatchEventImpl(Ljava/awt/AWTEvent;)V+12
j  java.awt.Window.dispatchEventImpl(Ljava/awt/AWTEvent;)V+19
j  java.awt.Component.dispatchEvent(Ljava/awt/AWTEvent;)V+2
j  java.awt.EventQueue.dispatchEventImpl(Ljava/awt/AWTEvent;Ljava/lang/Object;)V+41
j  java.awt.EventQueue.access$500(Ljava/awt/EventQueue;Ljava/awt/AWTEvent;Ljava/lang/Object;)V+3
j  java.awt.EventQueue$3.run()Ljava/lang/Void;+32
j  java.awt.EventQueue$3.run()Ljava/lang/Object;+1
v  ~StubRoutines::call_stub
j  java.security.AccessController.doPrivileged(Ljava/security/PrivilegedAction;Ljava/security/AccessControlContext;)Ljava/lang/Object;+0
j  java.security.ProtectionDomain$JavaSecurityAccessImpl.doIntersectionPrivilege(Ljava/security/PrivilegedAction;Ljava/security/AccessControlContext;Ljava/security/AccessControlContext;)Ljava/lang/Object;+18
j  java.security.ProtectionDomain$JavaSecurityAccessImpl.doIntersectionPrivilege(Ljava/security/PrivilegedAction;Ljava/security/AccessControlContext;)Ljava/lang/Object;+6
j  java.awt.EventQueue$4.run()Ljava/lang/Void;+11
j  java.awt.EventQueue$4.run()Ljava/lang/Object;+1
v  ~StubRoutines::call_stub
j  java.security.AccessController.doPrivileged(Ljava/security/PrivilegedAction;Ljava/security/AccessControlContext;)Ljava/lang/Object;+0
j  java.security.ProtectionDomain$JavaSecurityAccessImpl.doIntersectionPrivilege(Ljava/security/PrivilegedAction;Ljava/security/AccessControlContext;Ljava/security/AccessControlContext;)Ljava/lang/Object;+18
j  java.awt.EventQueue.dispatchEvent(Ljava/awt/AWTEvent;)V+73
j  java.awt.EventDispatchThread.pumpOneEventForFilters(I)V+245
j  java.awt.EventDispatchThread.pumpEventsForFilter(ILjava/awt/Conditional;Ljava/awt/EventFilter;)V+35
j  java.awt.EventDispatchThread.pumpEventsForFilter(Ljava/awt/Conditional;Ljava/awt/EventFilter;)V+4
j  java.awt.WaitDispatchSupport$2.run()V+59
j  java.awt.WaitDispatchSupport$4.run()Ljava/lang/Void;+4
j  java.awt.WaitDispatchSupport$4.run()Ljava/lang/Object;+1
v  ~StubRoutines::call_stub
j  java.security.AccessController.doPrivileged(Ljava/security/PrivilegedAction;)Ljava/lang/Object;+0
j  java.awt.WaitDispatchSupport.enter()Z+279
j  java.awt.Dialog.show()V+233
j  java.awt.Component.show(Z)V+5
j  java.awt.Component.setVisible(Z)V+2
j  java.awt.Window.setVisible(Z)V+2
j  java.awt.Dialog.setVisible(Z)V+2
j  birdpoint.telas.CadastroConfirmarPresentePonto$10.run()V+30
j  java.awt.event.InvocationEvent.dispatch()V+47
j  java.awt.EventQueue.dispatchEventImpl(Ljava/awt/AWTEvent;Ljava/lang/Object;)V+21
j  java.awt.EventQueue.access$500(Ljava/awt/EventQueue;Ljava/awt/AWTEvent;Ljava/lang/Object;)V+3
j  java.awt.EventQueue$3.run()Ljava/lang/Void;+32
j  java.awt.EventQueue$3.run()Ljava/lang/Object;+1
v  ~StubRoutines::call_stub
j  java.security.AccessController.doPrivileged(Ljava/security/PrivilegedAction;Ljava/security/AccessControlContext;)Ljava/lang/Object;+0
j  java.security.ProtectionDomain$JavaSecurityAccessImpl.doIntersectionPrivilege(Ljava/security/PrivilegedAction;Ljava/security/AccessControlContext;Ljava/security/AccessControlContext;)Ljava/lang/Object;+18
j  java.awt.EventQueue.dispatchEvent(Ljava/awt/AWTEvent;)V+46
j  java.awt.EventDispatchThread.pumpOneEventForFilters(I)V+245
j  java.awt.EventDispatchThread.pumpEventsForFilter(ILjava/awt/Conditional;Ljava/awt/EventFilter;)V+35
j  java.awt.EventDispatchThread.pumpEventsForHierarchy(ILjava/awt/Conditional;Ljava/awt/Component;)V+11
j  java.awt.EventDispatchThread.pumpEvents(ILjava/awt/Conditional;)V+4
j  java.awt.EventDispatchThread.pumpEvents(Ljava/awt/Conditional;)V+3
j  java.awt.EventDispatchThread.run()V+9
v  ~StubRoutines::call_stub

---------------  P R O C E S S  ---------------

Java Threads: ( => current thread )
  0x170a7800 JavaThread "pool-2-thread-1" [_thread_blocked, id=588, stack(0x186f0000,0x18740000)]
  0x16f71000 JavaThread "Abandoned connection cleanup thread" daemon [_thread_blocked, id=5228, stack(0x17d60000,0x17db0000)]
  0x16cec000 JavaThread "Swing-Shell" daemon [_thread_blocked, id=5684, stack(0x17130000,0x17180000)]
  0x0272c800 JavaThread "DestroyJavaVM" [_thread_blocked, id=3264, stack(0x00cd0000,0x00d20000)]
=>0x1613ac00 JavaThread "AWT-EventQueue-0" [_thread_in_vm, id=2184, stack(0x16c60000,0x16cb0000)]
  0x16123c00 JavaThread "AWT-Windows" daemon [_thread_in_native, id=748, stack(0x165b0000,0x16600000)]
  0x16123400 JavaThread "AWT-Shutdown" [_thread_blocked, id=3604, stack(0x159b0000,0x15a00000)]
  0x16122800 JavaThread "Java2D Disposer" daemon [_thread_blocked, id=952, stack(0x15920000,0x15970000)]
  0x02650800 JavaThread "Service Thread" daemon [_thread_blocked, id=3156, stack(0x15800000,0x15850000)]
  0x02628800 JavaThread "C1 CompilerThread0" daemon [_thread_blocked, id=4484, stack(0x15770000,0x157c0000)]
  0x02627400 JavaThread "Attach Listener" daemon [_thread_blocked, id=4600, stack(0x156e0000,0x15730000)]
  0x02625400 JavaThread "Signal Dispatcher" daemon [_thread_blocked, id=2840, stack(0x15650000,0x156a0000)]
  0x0261b800 JavaThread "Finalizer" daemon [_thread_blocked, id=5264, stack(0x14d80000,0x14dd0000)]
  0x02616400 JavaThread "Reference Handler" daemon [_thread_blocked, id=4200, stack(0x14cf0000,0x14d40000)]

Other Threads:
  0x02612c00 VMThread [stack: 0x14c60000,0x14cb0000] [id=5680]
  0x0265f000 WatcherThread [stack: 0x15890000,0x158e0000] [id=2856]

VM state:not at safepoint (normal execution)

VM Mutex/Monitor currently owned by a thread: None

Heap:
 def new generation   total 6912K, used 728K [0x04800000, 0x04f70000, 0x09d50000)
  eden space 6208K,  11% used [0x04800000, 0x048b6158, 0x04e10000)
  from space 704K,   0% used [0x04e10000, 0x04e10000, 0x04ec0000)
  to   space 704K,   0% used [0x04ec0000, 0x04ec0000, 0x04f70000)
 tenured generation   total 15132K, used 9078K [0x09d50000, 0x0ac17000, 0x14800000)
   the space 15132K,  59% used [0x09d50000, 0x0a62dac8, 0x0a62dc00, 0x0ac17000)
 Metaspace       used 9440K, capacity 9671K, committed 9728K, reserved 10624K

Card table byte_map: [0x04750000,0x047e0000] byte_map_base: 0x0472c000

Polling page: 0x00d20000

CodeCache: size=32768Kb used=1687Kb max_used=1687Kb free=31080Kb
 bounds [0x02750000, 0x028f8000, 0x04750000]
 total_blobs=1024 nmethods=756 adapters=199
 compilation: enabled

Compilation events (10 events):
Event: 3.748 Thread 0x02628800  762             java.awt.Component::inside (30 bytes)
Event: 3.749 Thread 0x02628800 nmethod 762 0x028f4748 code [0x028f4840, 0x028f4900]
Event: 3.761 Thread 0x02628800  763             javax.swing.JComponent::contains (27 bytes)
Event: 3.762 Thread 0x02628800 nmethod 763 0x028f4948 code [0x028f4a40, 0x028f4b70]
Event: 3.860 Thread 0x02628800  764             java.awt.Container::findComponentAtImpl (161 bytes)
Event: 3.861 Thread 0x02628800 nmethod 764 0x028f4c08 code [0x028f4d70, 0x028f5054]
Event: 4.794 Thread 0x02628800  765             javax.swing.plaf.nimbus.NimbusStyle::getNextState (263 bytes)
Event: 4.796 Thread 0x02628800 nmethod 765 0x028f52c8 code [0x028f5400, 0x028f5720]
Event: 6.843 Thread 0x02628800  766             java.util.concurrent.locks.ReentrantLock$Sync::isHeldExclusively (16 bytes)
Event: 6.843 Thread 0x02628800 nmethod 766 0x028f5c48 code [0x028f5d40, 0x028f5de0]

GC Heap History (10 events):
Event: 2.195 GC heap before
{Heap before GC invocations=13 (full 0):
 def new generation   total 4928K, used 4928K [0x04800000, 0x04d50000, 0x09d50000)
  eden space 4416K, 100% used [0x04800000, 0x04c50000, 0x04c50000)
  from space 512K, 100% used [0x04cd0000, 0x04d50000, 0x04d50000)
  to   space 512K,   0% used [0x04c50000, 0x04c50000, 0x04cd0000)
 tenured generation   total 10944K, used 8388K [0x09d50000, 0x0a800000, 0x14800000)
   the space 10944K,  76% used [0x09d50000, 0x0a5810b8, 0x0a581200, 0x0a800000)
 Metaspace       used 7761K, capacity 7972K, committed 8064K, reserved 8576K
Event: 2.199 GC heap after
Heap after GC invocations=14 (full 0):
 def new generation   total 4928K, used 511K [0x04800000, 0x04d50000, 0x09d50000)
  eden space 4416K,   0% used [0x04800000, 0x04800000, 0x04c50000)
  from space 512K,  99% used [0x04c50000, 0x04ccfff8, 0x04cd0000)
  to   space 512K,   0% used [0x04cd0000, 0x04cd0000, 0x04d50000)
 tenured generation   total 10944K, used 8932K [0x09d50000, 0x0a800000, 0x14800000)
   the space 10944K,  81% used [0x09d50000, 0x0a609220, 0x0a609400, 0x0a800000)
 Metaspace       used 7761K, capacity 7972K, committed 8064K, reserved 8576K
}
Event: 2.313 GC heap before
{Heap before GC invocations=14 (full 0):
 def new generation   total 4928K, used 4927K [0x04800000, 0x04d50000, 0x09d50000)
  eden space 4416K, 100% used [0x04800000, 0x04c50000, 0x04c50000)
  from space 512K,  99% used [0x04c50000, 0x04ccfff8, 0x04cd0000)
  to   space 512K,   0% used [0x04cd0000, 0x04cd0000, 0x04d50000)
 tenured generation   total 10944K, used 8932K [0x09d50000, 0x0a800000, 0x14800000)
   the space 10944K,  81% used [0x09d50000, 0x0a609220, 0x0a609400, 0x0a800000)
 Metaspace       used 8214K, capacity 8420K, committed 8576K, reserved 8576K
Event: 2.316 GC heap after
Heap after GC invocations=15 (full 0):
 def new generation   total 4928K, used 512K [0x04800000, 0x04d50000, 0x09d50000)
  eden space 4416K,   0% used [0x04800000, 0x04800000, 0x04c50000)
  from space 512K, 100% used [0x04cd0000, 0x04d50000, 0x04d50000)
  to   space 512K,   0% used [0x04c50000, 0x04c50000, 0x04cd0000)
 tenured generation   total 10944K, used 9374K [0x09d50000, 0x0a800000, 0x14800000)
   the space 10944K,  85% used [0x09d50000, 0x0a6778c0, 0x0a677a00, 0x0a800000)
 Metaspace       used 8214K, capacity 8420K, committed 8576K, reserved 8576K
}
Event: 2.738 GC heap before
{Heap before GC invocations=15 (full 0):
 def new generation   total 4928K, used 4928K [0x04800000, 0x04d50000, 0x09d50000)
  eden space 4416K, 100% used [0x04800000, 0x04c50000, 0x04c50000)
  from space 512K, 100% used [0x04cd0000, 0x04d50000, 0x04d50000)
  to   space 512K,   0% used [0x04c50000, 0x04c50000, 0x04cd0000)
 tenured generation   total 10944K, used 9374K [0x09d50000, 0x0a800000, 0x14800000)
   the space 10944K,  85% used [0x09d50000, 0x0a6778c0, 0x0a677a00, 0x0a800000)
 Metaspace       used 8473K, capacity 8679K, committed 8832K, reserved 9600K
Event: 2.741 GC heap after
Heap after GC invocations=16 (full 0):
 def new generation   total 4928K, used 348K [0x04800000, 0x04d50000, 0x09d50000)
  eden space 4416K,   0% used [0x04800000, 0x04800000, 0x04c50000)
  from space 512K,  68% used [0x04c50000, 0x04ca7130, 0x04cd0000)
  to   space 512K,   0% used [0x04cd0000, 0x04cd0000, 0x04d50000)
 tenured generation   total 10944K, used 9514K [0x09d50000, 0x0a800000, 0x14800000)
   the space 10944K,  86% used [0x09d50000, 0x0a69ab10, 0x0a69ac00, 0x0a800000)
 Metaspace       used 8473K, capacity 8679K, committed 8832K, reserved 9600K
}
Event: 2.835 GC heap before
{Heap before GC invocations=16 (full 0):
 def new generation   total 4928K, used 4764K [0x04800000, 0x04d50000, 0x09d50000)
  eden space 4416K, 100% used [0x04800000, 0x04c50000, 0x04c50000)
  from space 512K,  68% used [0x04c50000, 0x04ca7130, 0x04cd0000)
  to   space 512K,   0% used [0x04cd0000, 0x04cd0000, 0x04d50000)
 tenured generation   total 10944K, used 9514K [0x09d50000, 0x0a800000, 0x14800000)
   the space 10944K,  86% used [0x09d50000, 0x0a69ab10, 0x0a69ac00, 0x0a800000)
 Metaspace       used 9036K, capacity 9255K, committed 9344K, reserved 9600K
Event: 2.839 GC heap after
Heap after GC invocations=17 (full 0):
 def new generation   total 4928K, used 512K [0x04800000, 0x04d50000, 0x09d50000)
  eden space 4416K,   0% used [0x04800000, 0x04800000, 0x04c50000)
  from space 512K, 100% used [0x04cd0000, 0x04d50000, 0x04d50000)
  to   space 512K,   0% used [0x04c50000, 0x04c50000, 0x04cd0000)
 tenured generation   total 10944K, used 10029K [0x09d50000, 0x0a800000, 0x14800000)
   the space 10944K,  91% used [0x09d50000, 0x0a71b5a0, 0x0a71b600, 0x0a800000)
 Metaspace       used 9036K, capacity 9255K, committed 9344K, reserved 9600K
}
Event: 6.808 GC heap before
{Heap before GC invocations=17 (full 0):
 def new generation   total 4928K, used 4808K [0x04800000, 0x04d50000, 0x09d50000)
  eden space 4416K,  97% used [0x04800000, 0x04c322a8, 0x04c50000)
  from space 512K, 100% used [0x04cd0000, 0x04d50000, 0x04d50000)
  to   space 512K,   0% used [0x04c50000, 0x04c50000, 0x04cd0000)
 tenured generation   total 10944K, used 10029K [0x09d50000, 0x0a800000, 0x14800000)
   the space 10944K,  91% used [0x09d50000, 0x0a71b5a0, 0x0a71b600, 0x0a800000)
 Metaspace       used 9429K, capacity 9639K, committed 9728K, reserved 10624K
Event: 6.841 GC heap after
Heap after GC invocations=18 (full 1):
 def new generation   total 6912K, used 0K [0x04800000, 0x04f70000, 0x09d50000)
  eden space 6208K,   0% used [0x04800000, 0x04800000, 0x04e10000)
  from space 704K,   0% used [0x04e10000, 0x04e10000, 0x04ec0000)
  to   space 704K,   0% used [0x04ec0000, 0x04ec0000, 0x04f70000)
 tenured generation   total 15132K, used 9078K [0x09d50000, 0x0ac17000, 0x14800000)
   the space 15132K,  59% used [0x09d50000, 0x0a62dac8, 0x0a62dc00, 0x0ac17000)
 Metaspace       used 9429K, capacity 9639K, committed 9728K, reserved 10624K
}

Deoptimization events (0 events):
No events

Internal exceptions (10 events):
Event: 0.306 Thread 0x0272c800 Exception <a 'java/lang/ClassNotFoundException': javax/swing/JToolBarSeparator> (0x04b63a68) thrown at [D:\re\workspace\8-2-build-windows-i586-cygwin\jdk8u73\6086\hotspot\src\share\vm\classfile\systemDictionary.cpp, line 210]
Event: 0.306 Thread 0x0272c800 Exception <a 'java/lang/ClassNotFoundException': ToolBarSeparator> (0x04b63ec0) thrown at [D:\re\workspace\8-2-build-windows-i586-cygwin\jdk8u73\6086\hotspot\src\share\vm\classfile\systemDictionary.cpp, line 210]
Event: 0.306 Thread 0x0272c800 Exception <a 'java/lang/ClassNotFoundException': ToolTip> (0x04b64568) thrown at [D:\re\workspace\8-2-build-windows-i586-cygwin\jdk8u73\6086\hotspot\src\share\vm\classfile\systemDictionary.cpp, line 210]
Event: 0.307 Thread 0x0272c800 Exception <a 'java/lang/ClassNotFoundException': Tree> (0x04b65050) thrown at [D:\re\workspace\8-2-build-windows-i586-cygwin\jdk8u73\6086\hotspot\src\share\vm\classfile\systemDictionary.cpp, line 210]
Event: 0.307 Thread 0x0272c800 Exception <a 'java/lang/ClassNotFoundException': Tree> (0x04b656f0) thrown at [D:\re\workspace\8-2-build-windows-i586-cygwin\jdk8u73\6086\hotspot\src\share\vm\classfile\systemDictionary.cpp, line 210]
Event: 0.307 Thread 0x0272c800 Exception <a 'java/lang/ClassNotFoundException': javax/swing/JTreeCell> (0x04b65a28) thrown at [D:\re\workspace\8-2-build-windows-i586-cygwin\jdk8u73\6086\hotspot\src\share\vm\classfile\systemDictionary.cpp, line 210]
Event: 0.307 Thread 0x0272c800 Exception <a 'java/lang/ClassNotFoundException': TreeCell> (0x04b65e70) thrown at [D:\re\workspace\8-2-build-windows-i586-cygwin\jdk8u73\6086\hotspot\src\share\vm\classfile\systemDictionary.cpp, line 210]
Event: 0.307 Thread 0x0272c800 Exception <a 'java/lang/ClassNotFoundException': RootPane> (0x04b66710) thrown at [D:\re\workspace\8-2-build-windows-i586-cygwin\jdk8u73\6086\hotspot\src\share\vm\classfile\systemDictionary.cpp, line 210]
Event: 1.758 Thread 0x1613ac00 Exception <a 'java/lang/NullPointerException'> (0x049eb870) thrown at [D:\re\workspace\8-2-build-windows-i586-cygwin\jdk8u73\6086\hotspot\src\share\vm\runtime\reflection.cpp, line 922]
Event: 1.848 Thread 0x1613ac00 Exception <a 'java/lang/ArrayIndexOutOfBoundsException': 18> (0x0487a230) thrown at [D:\re\workspace\8-2-build-windows-i586-cygwin\jdk8u73\6086\hotspot\src\share\vm\interpreter\interpreterRuntime.cpp, line 366]

Events (10 events):
Event: 6.867 loading class com/digitalpersona/onetouch/_impl/DPFPFeatureSetFactoryImpl$FeatureSetImpl
Event: 6.867 loading class com/digitalpersona/onetouch/_impl/DPFPFeatureSetFactoryImpl$FeatureSetImpl done
Event: 6.867 loading class com/digitalpersona/onetouch/verification/_impl/DPFPVerificationFactoryImpl$VerificationImpl
Event: 6.867 loading class com/digitalpersona/onetouch/verification/_impl/DPFPVerificationFactoryImpl$VerificationImpl done
Event: 6.868 loading class com/digitalpersona/onetouch/verification/DPFPVerificationResult
Event: 6.868 loading class com/digitalpersona/onetouch/verification/DPFPVerificationResult done
Event: 6.868 loading class com/digitalpersona/onetouch/jni/Matcher
Event: 6.868 loading class com/digitalpersona/onetouch/jni/Matcher done
Event: 6.868 loading class com/digitalpersona/onetouch/jni/MatchingLibrary
Event: 6.868 loading class com/digitalpersona/onetouch/jni/MatchingLibrary done


Dynamic libraries:
0x00e90000 - 0x00ec3000 	C:\Program Files (x86)\Java\jdk1.8.0_73\bin\java.exe
0x77e30000 - 0x77f98000 	C:\Windows\SYSTEM32\ntdll.dll
0x777d0000 - 0x77910000 	C:\Windows\SYSTEM32\KERNEL32.DLL
0x77910000 - 0x779df000 	C:\Windows\SYSTEM32\KERNELBASE.dll
0x63020000 - 0x630b9000 	C:\Windows\system32\apphelp.dll
0x617e0000 - 0x61a39000 	C:\Windows\AppPatch\AcGenral.DLL
0x75b10000 - 0x75bce000 	C:\Windows\SYSTEM32\msvcrt.dll
0x77790000 - 0x777ce000 	C:\Windows\SYSTEM32\sechost.dll
0x75860000 - 0x7587d000 	C:\Windows\SYSTEM32\SspiCli.dll
0x77590000 - 0x775d1000 	C:\Windows\SYSTEM32\SHLWAPI.dll
0x6e7e0000 - 0x6e8bb000 	C:\Windows\SYSTEM32\UxTheme.dll
0x77440000 - 0x7758f000 	C:\Windows\SYSTEM32\USER32.dll
0x75c10000 - 0x75d18000 	C:\Windows\SYSTEM32\GDI32.dll
0x75670000 - 0x75690000 	C:\Windows\SYSTEM32\WINMM.dll
0x74cb0000 - 0x74cc2000 	C:\Windows\SYSTEM32\samcli.dll
0x77c50000 - 0x77d5c000 	C:\Windows\SYSTEM32\ole32.dll
0x75880000 - 0x75907000 	C:\Windows\SYSTEM32\OLEAUT32.dll
0x6d800000 - 0x6d815000 	C:\Windows\SYSTEM32\MSACM32.dll
0x75640000 - 0x75648000 	C:\Windows\SYSTEM32\VERSION.dll
0x75ec0000 - 0x7706d000 	C:\Windows\SYSTEM32\SHELL32.dll
0x757d0000 - 0x757e9000 	C:\Windows\SYSTEM32\USERENV.dll
0x74ce0000 - 0x74cf8000 	C:\Windows\SYSTEM32\dwmapi.dll
0x75690000 - 0x757b2000 	C:\Windows\SYSTEM32\urlmon.dll
0x77300000 - 0x77378000 	C:\Windows\SYSTEM32\ADVAPI32.dll
0x74e00000 - 0x74e5e000 	C:\Windows\SYSTEM32\WINSPOOL.DRV
0x74b60000 - 0x74b74000 	C:\Windows\SYSTEM32\MPR.dll
0x77380000 - 0x77431000 	C:\Windows\SYSTEM32\RPCRT4.dll
0x75850000 - 0x75859000 	C:\Windows\SYSTEM32\CRYPTBASE.dll
0x75d20000 - 0x75e6e000 	C:\Windows\SYSTEM32\combase.dll
0x75210000 - 0x75230000 	C:\Windows\SYSTEM32\WINMMBASE.dll
0x75450000 - 0x7545e000 	C:\Windows\SYSTEM32\profapi.dll
0x75230000 - 0x75449000 	C:\Windows\SYSTEM32\iertutil.dll
0x75480000 - 0x7563d000 	C:\Windows\SYSTEM32\WININET.dll
0x757f0000 - 0x75843000 	C:\Windows\SYSTEM32\bcryptPrimitives.dll
0x77b70000 - 0x77baa000 	C:\Windows\SYSTEM32\cfgmgr32.dll
0x751a0000 - 0x751bf000 	C:\Windows\SYSTEM32\DEVOBJ.dll
0x75010000 - 0x75086000 	C:\Windows\SYSTEM32\SHCORE.DLL
0x77070000 - 0x77095000 	C:\Windows\system32\IMM32.DLL
0x77640000 - 0x77737000 	C:\Windows\SYSTEM32\MSCTF.dll
0x6e5f0000 - 0x6e7d6000 	C:\Windows\WinSxS\x86_microsoft.windows.common-controls_6595b64144ccf1df_6.0.9600.17031_none_a9efdb8b01377ea7\COMCTL32.dll
0x63cb0000 - 0x63d6f000 	C:\Program Files (x86)\Java\jdk1.8.0_73\jre\bin\msvcr100.dll
0x63d70000 - 0x64138000 	C:\Program Files (x86)\Java\jdk1.8.0_73\jre\bin\client\jvm.dll
0x6b9c0000 - 0x6b9c8000 	C:\Windows\SYSTEM32\WSOCK32.dll
0x779e0000 - 0x779e6000 	C:\Windows\SYSTEM32\PSAPI.DLL
0x77740000 - 0x7778d000 	C:\Windows\SYSTEM32\WS2_32.dll
0x75c00000 - 0x75c07000 	C:\Windows\SYSTEM32\NSI.dll
0x63c60000 - 0x63c6c000 	C:\Program Files (x86)\Java\jdk1.8.0_73\jre\bin\verify.dll
0x63c30000 - 0x63c51000 	C:\Program Files (x86)\Java\jdk1.8.0_73\jre\bin\java.dll
0x63b90000 - 0x63ba3000 	C:\Program Files (x86)\Java\jdk1.8.0_73\jre\bin\zip.dll
0x63a10000 - 0x63b55000 	C:\Program Files (x86)\Java\jdk1.8.0_73\jre\bin\awt.dll
0x74c20000 - 0x74c29000 	C:\Windows\SYSTEM32\kernel.appcore.dll
0x639d0000 - 0x63a09000 	C:\Program Files (x86)\Java\jdk1.8.0_73\jre\bin\fontmanager.dll
0x77120000 - 0x771a6000 	C:\Windows\WinSxS\x86_microsoft.windows.common-controls_6595b64144ccf1df_5.82.9600.16384_none_7c55c866aa0c3ff0\comctl32.dll
0x63b70000 - 0x63b86000 	C:\Program Files (x86)\Java\jdk1.8.0_73\jre\bin\net.dll
0x73f10000 - 0x73f55000 	C:\Windows\system32\mswsock.dll
0x63b60000 - 0x63b6f000 	C:\Program Files (x86)\Java\jdk1.8.0_73\jre\bin\nio.dll
0x639a0000 - 0x639d0000 	C:\Program Files (x86)\Java\jdk1.8.0_73\jre\bin\t2k.dll
0x770a0000 - 0x7711d000 	C:\Windows\SYSTEM32\clbcatq.dll
0x749b0000 - 0x74ad3000 	C:\Windows\SYSTEM32\PROPSYS.dll
0x637f0000 - 0x63989000 	C:\Windows\system32\NetworkExplorer.dll
0x75910000 - 0x75abd000 	C:\Windows\SYSTEM32\SETUPAPI.dll
0x6e350000 - 0x6e359000 	C:\Windows\System32\drprov.dll
0x74d90000 - 0x74dd2000 	C:\Windows\System32\WINSTA.dll
0x6e330000 - 0x6e341000 	C:\Windows\System32\ntlanman.dll
0x6e310000 - 0x6e329000 	C:\Windows\System32\davclnt.dll
0x6e300000 - 0x6e309000 	C:\Windows\System32\DAVHLPR.dll
0x751c0000 - 0x751d0000 	C:\Windows\System32\wkscli.dll
0x6e2f0000 - 0x6e2fd000 	C:\Windows\SYSTEM32\cscapi.dll
0x751f0000 - 0x751fa000 	C:\Windows\System32\netutils.dll
0x63760000 - 0x637c6000 	C:\Windows\SYSTEM32\dlnashext.dll
0x63140000 - 0x63175000 	C:\Windows\System32\PlayToDevice.dll
0x74b20000 - 0x74b38000 	C:\Windows\SYSTEM32\CRYPTSP.dll
0x74810000 - 0x7483f000 	C:\Windows\system32\rsaenh.dll
0x74b40000 - 0x74b5d000 	C:\Windows\SYSTEM32\bcrypt.dll
0x63700000 - 0x63718000 	C:\Windows\System32\DevDispItemProvider.dll
0x63290000 - 0x63469000 	C:\Windows\system32\wpdshext.dll
0x73520000 - 0x7366d000 	C:\Windows\WinSxS\x86_microsoft.windows.gdiplus_6595b64144ccf1df_1.1.9600.17056_none_dadc5d1c5bc8ab48\gdiplus.dll
0x6b930000 - 0x6b9b4000 	C:\Windows\SYSTEM32\PortableDeviceApi.dll
0x75ad0000 - 0x75b08000 	C:\Windows\SYSTEM32\WINTRUST.dll
0x779f0000 - 0x77b6f000 	C:\Windows\SYSTEM32\CRYPT32.dll
0x77bb0000 - 0x77bbe000 	C:\Windows\SYSTEM32\MSASN1.dll
0x636c0000 - 0x636fc000 	C:\Windows\system32\audiodev.dll
0x622a0000 - 0x624d9000 	C:\Windows\system32\WMVCore.DLL
0x63680000 - 0x636b6000 	C:\Windows\system32\WMASF.DLL
0x64cc0000 - 0x64cca000 	C:\Windows\SYSTEM32\LINKINFO.dll
0x6db30000 - 0x6dc7d000 	C:\Windows\SYSTEM32\WindowsCodecs.dll
0x630c0000 - 0x630e6000 	C:\Program Files (x86)\Java\jdk1.8.0_73\jre\bin\jpeg.dll
0x744e0000 - 0x7455c000 	C:\Windows\SYSTEM32\DNSAPI.dll
0x739b0000 - 0x739b7000 	C:\Windows\System32\rasadhlp.dll
0x6e5a0000 - 0x6e5e4000 	C:\Windows\System32\fwpuclnt.dll
0x75650000 - 0x7566e000 	C:\Windows\SYSTEM32\IPHLPAPI.DLL
0x75200000 - 0x75208000 	C:\Windows\SYSTEM32\WINNSI.DLL
0x74b80000 - 0x74b92000 	C:\Windows\SYSTEM32\dhcpcsvc6.DLL
0x74b00000 - 0x74b13000 	C:\Windows\SYSTEM32\dhcpcsvc.DLL
0x18bc0000 - 0x18bcb000 	C:\Windows\System32\otdpfpjni.dll
0x18be0000 - 0x18c38000 	C:\Windows\SYSTEM32\DPFPApi.DLL
0x5e3e0000 - 0x5e467000 	C:\Windows\WinSxS\x86_microsoft.vc80.crt_1fc8b3b9a1e18e3b_8.0.50727.8428_none_d08a11e2442dc25d\MSVCP80.dll
0x5e340000 - 0x5e3db000 	C:\Windows\WinSxS\x86_microsoft.vc80.crt_1fc8b3b9a1e18e3b_8.0.50727.8428_none_d08a11e2442dc25d\MSVCR80.dll
0x18c60000 - 0x18c9c000 	C:\Windows\system32\DPCLBACK.dll
0x75460000 - 0x75472000 	C:\Windows\SYSTEM32\NETAPI32.dll
0x751d0000 - 0x751eb000 	C:\Windows\SYSTEM32\srvcli.dll
0x17a00000 - 0x17a07000 	C:\Windows\System32\otfxjni.dll
0x617c0000 - 0x617d9000 	C:\Windows\SYSTEM32\dpHFtrEx.dll
0x17a30000 - 0x17a38000 	C:\Windows\System32\otmcjni.dll
0x61790000 - 0x617b7000 	C:\Windows\SYSTEM32\dpHMatch.dll
0x74e60000 - 0x74fa8000 	C:\Windows\SYSTEM32\dbghelp.dll

VM Arguments:
jvm_args: -Dfile.encoding=UTF-8 
java_command: birdpoint.telas.CadastroConfirmarPresentePonto
java_class_path (initial): C:\Program Files (x86)\NetBeans 8.1\java\modules\ext\AbsoluteLayout.jar;C:\Program Files (x86)\NetBeans 8.1\java\modules\ext\eclipselink\javax.persistence_2.1.0.v201304241213.jar;C:\Program Files (x86)\NetBeans 8.1\java\modules\ext\hibernate4\antlr-2.7.7.jar;C:\Program Files (x86)\NetBeans 8.1\java\modules\ext\hibernate4\c3p0-0.9.2.1.jar;C:\Program Files (x86)\NetBeans 8.1\java\modules\ext\hibernate4\hibernate-c3p0-4.3.1.Final.jar;C:\Program Files (x86)\NetBeans 8.1\java\modules\ext\hibernate4\mchange-commons-java-0.2.3.4.jar;C:\Program Files (x86)\NetBeans 8.1\java\modules\ext\hibernate4\dom4j-1.6.1.jar;C:\Program Files (x86)\NetBeans 8.1\java\modules\ext\hibernate4\ehcache-core-2.4.3.jar;C:\Program Files (x86)\NetBeans 8.1\java\modules\ext\hibernate4\hibernate-ehcache-4.3.1.Final.jar;C:\Program Files (x86)\NetBeans 8.1\java\modules\ext\hibernate4\hibernate-core-4.3.1.Final.jar;C:\Program Files (x86)\NetBeans 8.1\java\modules\ext\hibernate4\jboss-logging-3.1.3.GA.jar;C:\Program Files (x86)\NetBeans 8.1\java\modules\ext\hibernate4\hibernate-commons-annotations-4.0.4.Final.jar;C:\Program Files (x86)\NetBeans 8.1\java\modules\ext\hibernate4\hibernate-entitymanager-4.3.1.Final.jar;C:\Program Files (x86)\NetBeans 8.1\java\modules\ext\hibernate4\javassist-3.18.1-GA.jar;C:\Program Files (x86)\NetBeans 8.1\java\modules\ext\hibernate4\jboss-transaction-api_1.2_spec-1.0.0.Final.jar;C:\Program Files (x86)\NetBeans 8.1\java\modules\ext\hibernate4\slf4j-api-1.6.1.jar;C:\Program Files (x86)\NetBeans 8.1\java\modules\ext\hibernate4\slf4j-simple-1.6.1.jar;C:\Program Files (x86)\NetBeans 8.1\ide\modules\ext\mysql-connector-java-5.1.23-bin.jar;C:\Program Files (x86)\NetBeans 8.1\java\modules\ext\hibernate4\hibernate-jpa-2.1-api-1.0.0.Final.jar;C:\Program Files (x86)\NetBeans 8.1\java\modules\ext\hibernate4\hibernate-jpamodelgen-4.3.1.Final.jar;C:\Program Files (x86)\NetBeans 8.1\java\modules\ext\beansbinding-1.2.1.jar;C:\Users\Adriano Lima\Desktop\SDK\Ot
Launcher Type: SUN_STANDARD

Environment Variables:
PATH=C:\ProgramData\Oracle\Java\javapath;C:\Windows\system32;C:\Windows;C:\Windows\System32\Wbem;C:\Windows\System32\WindowsPowerShell\v1.0\
USERNAME=Adriano Lima
OS=Windows_NT
PROCESSOR_IDENTIFIER=Intel64 Family 6 Model 58 Stepping 9, GenuineIntel



---------------  S Y S T E M  ---------------

OS: Windows 8.1 , 64 bit Build 9600 (6.3.9600.17056)

CPU:total 4 (2 cores per cpu, 2 threads per core) family 6 model 58 stepping 9, cmov, cx8, fxsr, mmx, sse, sse2, sse3, ssse3, sse4.1, sse4.2, popcnt, avx, clmul, erms, ht, tsc, tscinvbit, tscinv

Memory: 4k page, physical 4088916k(1146060k free), swap 4809812k(1000316k free)

vm_info: Java HotSpot(TM) Client VM (25.73-b02) for windows-x86 JRE (1.8.0_73-b02), built on Jan 29 2016 17:05:52 by "java_re" with MS VC++ 10.0 (VS2010)

time: Fri Sep 23 19:16:31 2016
elapsed time: 7 seconds (0d 0h 0m 7s)

