#
# A fatal error has been detected by the Java Runtime Environment:
#
#  EXCEPTION_ACCESS_VIOLATION (0xc0000005) at pc=0x63e48d2c, pid=1812, tid=1028
#
# JRE version: Java(TM) SE Runtime Environment (8.0_73-b02) (build 1.8.0_73-b02)
# Java VM: Java HotSpot(TM) Client VM (25.73-b02 mixed mode windows-x86 )
# Problematic frame:
# V  [jvm.dll+0xd8d2c]
#
# Failed to write core dump. Minidumps are not enabled by default on client versions of Windows
#
# If you would like to submit a bug report, please visit:
#   http://bugreport.java.com/bugreport/crash.jsp
#

---------------  T H R E A D  ---------------

Current thread (0x15033800):  JavaThread "AWT-EventQueue-0" [_thread_in_vm, id=1028, stack(0x15ee0000,0x15f30000)]

siginfo: ExceptionCode=0xc0000005, reading address 0x00000000

Registers:
EAX=0x00000000, EBX=0x00000000, ECX=0x00000000, EDX=0x640c26b8
ESP=0x15f2da48, EBP=0x15f2da58, ESI=0x15033800, EDI=0x00000000
EIP=0x63e48d2c, EFLAGS=0x00010246

Top of Stack: (sp=0x15f2da48)
0x15f2da48:   15033800 00000006 00000000 15033940
0x15f2da58:   15f2dab8 16b9176e 15033940 00000000
0x15f2da68:   6f51d196 15033800 1808a108 1808a110
0x15f2da78:   00a5b298 00015338 15033800 15f2daac
0x15f2da88:   63defa10 15033800 18b40870 00000008
0x15f2da98:   15033800 1808a108 00000000 1808a110
0x15f2daa8:   15f2da68 15f2e1e8 16b92858 00000000
0x15f2dab8:   15f2dafc 022e1be1 15033940 15f2db14 

Instructions: (pc=0x63e48d2c)
0x63e48d0c:   00 00 81 fa ac de 00 00 74 09 e8 75 d1 09 00 33
0x63e48d1c:   f6 eb 02 8b f1 6a 06 56 e8 87 e0 f2 ff 8b 45 0c
0x63e48d2c:   8b 08 8b 79 08 6a 04 6a 06 56 e8 f5 df f2 ff 83
0x63e48d3c:   c4 14 8b c7 5f 5e 5d c2 08 00 cc cc cc cc cc cc 


Register to memory mapping:

EAX=0x00000000 is an unknown value
EBX=0x00000000 is an unknown value
ECX=0x00000000 is an unknown value
EDX=0x640c26b8 is an unknown value
ESP=0x15f2da48 is pointing into the stack for thread: 0x15033800
EBP=0x15f2da58 is pointing into the stack for thread: 0x15033800
ESI=0x15033800 is a thread
EDI=0x00000000 is an unknown value


Stack: [0x15ee0000,0x15f30000],  sp=0x15f2da48,  free space=310k
Native frames: (J=compiled Java code, j=interpreted, Vv=VM code, C=native code)
V  [jvm.dll+0xd8d2c]
C  [otmcjni.dll+0x176e]
j  com.digitalpersona.onetouch.jni.Matcher.verify([B[B)Lcom/digitalpersona/onetouch/jni/VerificationResult;+0
j  com.digitalpersona.onetouch.verification._impl.DPFPVerificationFactoryImpl$VerificationImpl.verify(Lcom/digitalpersona/onetouch/DPFPFeatureSet;Lcom/digitalpersona/onetouch/DPFPTemplate;)Lcom/digitalpersona/onetouch/verification/DPFPVerificationResult;+16
j  birdpoint.util.LeitorBiometrico.verify(Ljava/lang/String;Lcom/digitalpersona/onetouch/DPFPTemplate;)Z+99
j  birdpoint.telas.CadastroConfirmarPresentePonto.compararDigital()V+9
j  birdpoint.telas.CadastroConfirmarPresentePonto.btPesquisar2ActionPerformed(Ljava/awt/event/ActionEvent;)V+1
j  birdpoint.telas.CadastroConfirmarPresentePonto.access$800(Lbirdpoint/telas/CadastroConfirmarPresentePonto;Ljava/awt/event/ActionEvent;)V+2
j  birdpoint.telas.CadastroConfirmarPresentePonto$9.actionPerformed(Ljava/awt/event/ActionEvent;)V+5
j  javax.swing.AbstractButton.fireActionPerformed(Ljava/awt/event/ActionEvent;)V+83
j  javax.swing.AbstractButton$Handler.actionPerformed(Ljava/awt/event/ActionEvent;)V+5
j  javax.swing.DefaultButtonModel.fireActionPerformed(Ljava/awt/event/ActionEvent;)V+34
j  javax.swing.DefaultButtonModel.setPressed(Z)V+117
j  javax.swing.plaf.basic.BasicButtonListener.mouseReleased(Ljava/awt/event/MouseEvent;)V+35
j  java.awt.Component.processMouseEvent(Ljava/awt/event/MouseEvent;)V+64
j  javax.swing.JComponent.processMouseEvent(Ljava/awt/event/MouseEvent;)V+23
j  java.awt.Component.processEvent(Ljava/awt/AWTEvent;)V+81
j  java.awt.Container.processEvent(Ljava/awt/AWTEvent;)V+18
j  java.awt.Component.dispatchEventImpl(Ljava/awt/AWTEvent;)V+589
j  java.awt.Container.dispatchEventImpl(Ljava/awt/AWTEvent;)V+42
j  java.awt.Component.dispatchEvent(Ljava/awt/AWTEvent;)V+2
j  java.awt.LightweightDispatcher.retargetMouseEvent(Ljava/awt/Component;ILjava/awt/event/MouseEvent;)V+327
j  java.awt.LightweightDispatcher.processMouseEvent(Ljava/awt/event/MouseEvent;)Z+155
j  java.awt.LightweightDispatcher.dispatchEvent(Ljava/awt/AWTEvent;)Z+50
j  java.awt.Container.dispatchEventImpl(Ljava/awt/AWTEvent;)V+12
j  java.awt.Window.dispatchEventImpl(Ljava/awt/AWTEvent;)V+19
j  java.awt.Component.dispatchEvent(Ljava/awt/AWTEvent;)V+2
j  java.awt.EventQueue.dispatchEventImpl(Ljava/awt/AWTEvent;Ljava/lang/Object;)V+41
j  java.awt.EventQueue.access$500(Ljava/awt/EventQueue;Ljava/awt/AWTEvent;Ljava/lang/Object;)V+3
j  java.awt.EventQueue$3.run()Ljava/lang/Void;+32
j  java.awt.EventQueue$3.run()Ljava/lang/Object;+1
v  ~StubRoutines::call_stub
V  [jvm.dll+0x158bf5]
V  [jvm.dll+0x21e0be]
V  [jvm.dll+0x158c8e]
V  [jvm.dll+0x10958f]
C  [java.dll+0x102f]
j  java.security.ProtectionDomain$JavaSecurityAccessImpl.doIntersectionPrivilege(Ljava/security/PrivilegedAction;Ljava/security/AccessControlContext;Ljava/security/AccessControlContext;)Ljava/lang/Object;+18
j  java.security.ProtectionDomain$JavaSecurityAccessImpl.doIntersectionPrivilege(Ljava/security/PrivilegedAction;Ljava/security/AccessControlContext;)Ljava/lang/Object;+6
j  java.awt.EventQueue$4.run()Ljava/lang/Void;+11
j  java.awt.EventQueue$4.run()Ljava/lang/Object;+1
v  ~StubRoutines::call_stub
V  [jvm.dll+0x158bf5]
V  [jvm.dll+0x21e0be]
V  [jvm.dll+0x158c8e]
V  [jvm.dll+0x10958f]
C  [java.dll+0x102f]
j  java.security.ProtectionDomain$JavaSecurityAccessImpl.doIntersectionPrivilege(Ljava/security/PrivilegedAction;Ljava/security/AccessControlContext;Ljava/security/AccessControlContext;)Ljava/lang/Object;+18
j  java.awt.EventQueue.dispatchEvent(Ljava/awt/AWTEvent;)V+73
j  java.awt.EventDispatchThread.pumpOneEventForFilters(I)V+245
j  java.awt.EventDispatchThread.pumpEventsForFilter(ILjava/awt/Conditional;Ljava/awt/EventFilter;)V+35
j  java.awt.EventDispatchThread.pumpEventsForFilter(Ljava/awt/Conditional;Ljava/awt/EventFilter;)V+4
j  java.awt.WaitDispatchSupport$2.run()V+59
j  java.awt.WaitDispatchSupport$4.run()Ljava/lang/Void;+4
j  java.awt.WaitDispatchSupport$4.run()Ljava/lang/Object;+1
v  ~StubRoutines::call_stub
V  [jvm.dll+0x158bf5]
V  [jvm.dll+0x21e0be]
V  [jvm.dll+0x158c8e]
V  [jvm.dll+0x10958f]
C  [java.dll+0x1015]
j  java.awt.WaitDispatchSupport.enter()Z+279
j  java.awt.Dialog.show()V+233
j  java.awt.Component.show(Z)V+5
j  java.awt.Component.setVisible(Z)V+2
j  java.awt.Window.setVisible(Z)V+2
j  java.awt.Dialog.setVisible(Z)V+2
j  birdpoint.telas.CadastroConfirmarPresentePonto$10.run()V+30
j  java.awt.event.InvocationEvent.dispatch()V+47
j  java.awt.EventQueue.dispatchEventImpl(Ljava/awt/AWTEvent;Ljava/lang/Object;)V+21
j  java.awt.EventQueue.access$500(Ljava/awt/EventQueue;Ljava/awt/AWTEvent;Ljava/lang/Object;)V+3
j  java.awt.EventQueue$3.run()Ljava/lang/Void;+32
j  java.awt.EventQueue$3.run()Ljava/lang/Object;+1
v  ~StubRoutines::call_stub
V  [jvm.dll+0x158bf5]
V  [jvm.dll+0x21e0be]
V  [jvm.dll+0x158c8e]
V  [jvm.dll+0x10958f]
C  [java.dll+0x102f]
j  java.security.ProtectionDomain$JavaSecurityAccessImpl.doIntersectionPrivilege(Ljava/security/PrivilegedAction;Ljava/security/AccessControlContext;Ljava/security/AccessControlContext;)Ljava/lang/Object;+18
j  java.awt.EventQueue.dispatchEvent(Ljava/awt/AWTEvent;)V+46
j  java.awt.EventDispatchThread.pumpOneEventForFilters(I)V+245
j  java.awt.EventDispatchThread.pumpEventsForFilter(ILjava/awt/Conditional;Ljava/awt/EventFilter;)V+35
j  java.awt.EventDispatchThread.pumpEventsForHierarchy(ILjava/awt/Conditional;Ljava/awt/Component;)V+11
j  java.awt.EventDispatchThread.pumpEvents(ILjava/awt/Conditional;)V+4
j  java.awt.EventDispatchThread.pumpEvents(Ljava/awt/Conditional;)V+3
j  java.awt.EventDispatchThread.run()V+9
v  ~StubRoutines::call_stub
V  [jvm.dll+0x158bf5]
V  [jvm.dll+0x21e0be]
V  [jvm.dll+0x158c8e]
V  [jvm.dll+0x158e16]
V  [jvm.dll+0x158e87]
V  [jvm.dll+0xfd68f]
V  [jvm.dll+0x17c03c]
V  [jvm.dll+0x17c12a]
V  [jvm.dll+0x1c0636]
C  [msvcr100.dll+0x5c556]
C  [msvcr100.dll+0x5c600]
C  [KERNEL32.DLL+0x1919f]
...<more frames>...

Java frames: (J=compiled Java code, j=interpreted, Vv=VM code)
j  com.digitalpersona.onetouch.jni.Matcher.verify([B[B)Lcom/digitalpersona/onetouch/jni/VerificationResult;+0
j  com.digitalpersona.onetouch.verification._impl.DPFPVerificationFactoryImpl$VerificationImpl.verify(Lcom/digitalpersona/onetouch/DPFPFeatureSet;Lcom/digitalpersona/onetouch/DPFPTemplate;)Lcom/digitalpersona/onetouch/verification/DPFPVerificationResult;+16
j  birdpoint.util.LeitorBiometrico.verify(Ljava/lang/String;Lcom/digitalpersona/onetouch/DPFPTemplate;)Z+99
j  birdpoint.telas.CadastroConfirmarPresentePonto.compararDigital()V+9
j  birdpoint.telas.CadastroConfirmarPresentePonto.btPesquisar2ActionPerformed(Ljava/awt/event/ActionEvent;)V+1
j  birdpoint.telas.CadastroConfirmarPresentePonto.access$800(Lbirdpoint/telas/CadastroConfirmarPresentePonto;Ljava/awt/event/ActionEvent;)V+2
j  birdpoint.telas.CadastroConfirmarPresentePonto$9.actionPerformed(Ljava/awt/event/ActionEvent;)V+5
j  javax.swing.AbstractButton.fireActionPerformed(Ljava/awt/event/ActionEvent;)V+83
j  javax.swing.AbstractButton$Handler.actionPerformed(Ljava/awt/event/ActionEvent;)V+5
j  javax.swing.DefaultButtonModel.fireActionPerformed(Ljava/awt/event/ActionEvent;)V+34
j  javax.swing.DefaultButtonModel.setPressed(Z)V+117
j  javax.swing.plaf.basic.BasicButtonListener.mouseReleased(Ljava/awt/event/MouseEvent;)V+35
j  java.awt.Component.processMouseEvent(Ljava/awt/event/MouseEvent;)V+64
j  javax.swing.JComponent.processMouseEvent(Ljava/awt/event/MouseEvent;)V+23
j  java.awt.Component.processEvent(Ljava/awt/AWTEvent;)V+81
j  java.awt.Container.processEvent(Ljava/awt/AWTEvent;)V+18
j  java.awt.Component.dispatchEventImpl(Ljava/awt/AWTEvent;)V+589
j  java.awt.Container.dispatchEventImpl(Ljava/awt/AWTEvent;)V+42
j  java.awt.Component.dispatchEvent(Ljava/awt/AWTEvent;)V+2
j  java.awt.LightweightDispatcher.retargetMouseEvent(Ljava/awt/Component;ILjava/awt/event/MouseEvent;)V+327
j  java.awt.LightweightDispatcher.processMouseEvent(Ljava/awt/event/MouseEvent;)Z+155
j  java.awt.LightweightDispatcher.dispatchEvent(Ljava/awt/AWTEvent;)Z+50
j  java.awt.Container.dispatchEventImpl(Ljava/awt/AWTEvent;)V+12
j  java.awt.Window.dispatchEventImpl(Ljava/awt/AWTEvent;)V+19
j  java.awt.Component.dispatchEvent(Ljava/awt/AWTEvent;)V+2
j  java.awt.EventQueue.dispatchEventImpl(Ljava/awt/AWTEvent;Ljava/lang/Object;)V+41
j  java.awt.EventQueue.access$500(Ljava/awt/EventQueue;Ljava/awt/AWTEvent;Ljava/lang/Object;)V+3
j  java.awt.EventQueue$3.run()Ljava/lang/Void;+32
j  java.awt.EventQueue$3.run()Ljava/lang/Object;+1
v  ~StubRoutines::call_stub
j  java.security.AccessController.doPrivileged(Ljava/security/PrivilegedAction;Ljava/security/AccessControlContext;)Ljava/lang/Object;+0
j  java.security.ProtectionDomain$JavaSecurityAccessImpl.doIntersectionPrivilege(Ljava/security/PrivilegedAction;Ljava/security/AccessControlContext;Ljava/security/AccessControlContext;)Ljava/lang/Object;+18
j  java.security.ProtectionDomain$JavaSecurityAccessImpl.doIntersectionPrivilege(Ljava/security/PrivilegedAction;Ljava/security/AccessControlContext;)Ljava/lang/Object;+6
j  java.awt.EventQueue$4.run()Ljava/lang/Void;+11
j  java.awt.EventQueue$4.run()Ljava/lang/Object;+1
v  ~StubRoutines::call_stub
j  java.security.AccessController.doPrivileged(Ljava/security/PrivilegedAction;Ljava/security/AccessControlContext;)Ljava/lang/Object;+0
j  java.security.ProtectionDomain$JavaSecurityAccessImpl.doIntersectionPrivilege(Ljava/security/PrivilegedAction;Ljava/security/AccessControlContext;Ljava/security/AccessControlContext;)Ljava/lang/Object;+18
j  java.awt.EventQueue.dispatchEvent(Ljava/awt/AWTEvent;)V+73
j  java.awt.EventDispatchThread.pumpOneEventForFilters(I)V+245
j  java.awt.EventDispatchThread.pumpEventsForFilter(ILjava/awt/Conditional;Ljava/awt/EventFilter;)V+35
j  java.awt.EventDispatchThread.pumpEventsForFilter(Ljava/awt/Conditional;Ljava/awt/EventFilter;)V+4
j  java.awt.WaitDispatchSupport$2.run()V+59
j  java.awt.WaitDispatchSupport$4.run()Ljava/lang/Void;+4
j  java.awt.WaitDispatchSupport$4.run()Ljava/lang/Object;+1
v  ~StubRoutines::call_stub
j  java.security.AccessController.doPrivileged(Ljava/security/PrivilegedAction;)Ljava/lang/Object;+0
j  java.awt.WaitDispatchSupport.enter()Z+279
j  java.awt.Dialog.show()V+233
j  java.awt.Component.show(Z)V+5
j  java.awt.Component.setVisible(Z)V+2
j  java.awt.Window.setVisible(Z)V+2
j  java.awt.Dialog.setVisible(Z)V+2
j  birdpoint.telas.CadastroConfirmarPresentePonto$10.run()V+30
j  java.awt.event.InvocationEvent.dispatch()V+47
j  java.awt.EventQueue.dispatchEventImpl(Ljava/awt/AWTEvent;Ljava/lang/Object;)V+21
j  java.awt.EventQueue.access$500(Ljava/awt/EventQueue;Ljava/awt/AWTEvent;Ljava/lang/Object;)V+3
j  java.awt.EventQueue$3.run()Ljava/lang/Void;+32
j  java.awt.EventQueue$3.run()Ljava/lang/Object;+1
v  ~StubRoutines::call_stub
j  java.security.AccessController.doPrivileged(Ljava/security/PrivilegedAction;Ljava/security/AccessControlContext;)Ljava/lang/Object;+0
j  java.security.ProtectionDomain$JavaSecurityAccessImpl.doIntersectionPrivilege(Ljava/security/PrivilegedAction;Ljava/security/AccessControlContext;Ljava/security/AccessControlContext;)Ljava/lang/Object;+18
j  java.awt.EventQueue.dispatchEvent(Ljava/awt/AWTEvent;)V+46
j  java.awt.EventDispatchThread.pumpOneEventForFilters(I)V+245
j  java.awt.EventDispatchThread.pumpEventsForFilter(ILjava/awt/Conditional;Ljava/awt/EventFilter;)V+35
j  java.awt.EventDispatchThread.pumpEventsForHierarchy(ILjava/awt/Conditional;Ljava/awt/Component;)V+11
j  java.awt.EventDispatchThread.pumpEvents(ILjava/awt/Conditional;)V+4
j  java.awt.EventDispatchThread.pumpEvents(Ljava/awt/Conditional;)V+3
j  java.awt.EventDispatchThread.run()V+9
v  ~StubRoutines::call_stub

---------------  P R O C E S S  ---------------

Java Threads: ( => current thread )
  0x151b9000 JavaThread "pool-2-thread-1" [_thread_blocked, id=3552, stack(0x17b50000,0x17ba0000)]
  0x16fef400 JavaThread "Abandoned connection cleanup thread" daemon [_thread_blocked, id=4284, stack(0x179c0000,0x17a10000)]
  0x1515a000 JavaThread "Swing-Shell" daemon [_thread_blocked, id=2168, stack(0x16300000,0x16350000)]
  0x15035000 JavaThread "org.netbeans.modules.debugger.jpda.visual AWT Access Loop" daemon [_thread_blocked, id=6000, stack(0x16070000,0x160c0000)]
  0x00a5cc00 JavaThread "DestroyJavaVM" [_thread_blocked, id=3184, stack(0x004b0000,0x00500000)]
=>0x15033800 JavaThread "AWT-EventQueue-0" [_thread_in_vm, id=1028, stack(0x15ee0000,0x15f30000)]
  0x14fa3800 JavaThread "AWT-Windows" daemon [_thread_in_native, id=5292, stack(0x15840000,0x15890000)]
  0x14fa2c00 JavaThread "AWT-Shutdown" [_thread_blocked, id=4372, stack(0x157b0000,0x15800000)]
  0x14fa0000 JavaThread "Java2D Disposer" daemon [_thread_blocked, id=4312, stack(0x15720000,0x15770000)]
  0x00cc0400 JavaThread "Service Thread" daemon [_thread_blocked, id=4348, stack(0x14e00000,0x14e50000)]
  0x00ca7000 JavaThread "C1 CompilerThread0" daemon [_thread_blocked, id=2816, stack(0x14d70000,0x14dc0000)]
  0x00ca0c00 JavaThread "JDWP Command Reader" daemon [_thread_in_native, id=1908, stack(0x14ce0000,0x14d30000)]
  0x00c95c00 JavaThread "JDWP Event Helper Thread" daemon [_thread_blocked, id=5572, stack(0x14c50000,0x14ca0000)]
  0x00c94400 JavaThread "JDWP Transport Listener: dt_shmem" daemon [_thread_blocked, id=5788, stack(0x14bc0000,0x14c10000)]
  0x00c98800 JavaThread "Attach Listener" daemon [_thread_blocked, id=896, stack(0x14b30000,0x14b80000)]
  0x00c96800 JavaThread "Signal Dispatcher" daemon [_thread_blocked, id=4264, stack(0x14aa0000,0x14af0000)]
  0x00c68000 JavaThread "Finalizer" daemon [_thread_blocked, id=2128, stack(0x043a0000,0x043f0000)]
  0x00c63400 JavaThread "Reference Handler" daemon [_thread_blocked, id=1332, stack(0x04310000,0x04360000)]

Other Threads:
  0x00a3d400 VMThread [stack: 0x00c10000,0x00c60000] [id=3960]
  0x00cdc800 WatcherThread [stack: 0x14e90000,0x14ee0000] [id=2420]

VM state:not at safepoint (normal execution)

VM Mutex/Monitor currently owned by a thread: None

Heap:
 def new generation   total 4992K, used 3212K [0x04400000, 0x04960000, 0x09950000)
  eden space 4480K,  60% used [0x04400000, 0x046a3350, 0x04860000)
  from space 512K,  99% used [0x04860000, 0x048dfff8, 0x048e0000)
  to   space 512K,   0% used [0x048e0000, 0x048e0000, 0x04960000)
 tenured generation   total 10944K, used 9400K [0x09950000, 0x0a400000, 0x14400000)
   the space 10944K,  85% used [0x09950000, 0x0a27e0d0, 0x0a27e200, 0x0a400000)
 Metaspace       used 17414K, capacity 17639K, committed 17792K, reserved 17792K

Card table byte_map: [0x00ae0000,0x00b70000] byte_map_base: 0x00abe000

Polling page: 0x00440000

CodeCache: size=32768Kb used=1725Kb max_used=1725Kb free=31042Kb
 bounds [0x022d0000, 0x02480000, 0x042d0000]
 total_blobs=1016 nmethods=757 adapters=198
 compilation: enabled

Compilation events (10 events):
Event: 5.590 Thread 0x00ca7000  764             java.awt.Component::inside (30 bytes)
Event: 5.590 Thread 0x00ca7000 nmethod 764 0x0247dbc8 code [0x0247dcc0, 0x0247dd80]
Event: 5.603 Thread 0x00ca7000  765             javax.swing.JComponent::contains (27 bytes)
Event: 5.604 Thread 0x00ca7000 nmethod 765 0x0247ddc8 code [0x0247dec0, 0x0247dff0]
Event: 5.799 Thread 0x00ca7000  766             java.awt.Container::findComponentAtImpl (161 bytes)
Event: 5.801 Thread 0x00ca7000 nmethod 766 0x0247e088 code [0x0247e1f0, 0x0247e4d4]
Event: 6.049 Thread 0x00ca7000  767             sun.util.logging.PlatformLogger::isLoggable (38 bytes)
Event: 6.050 Thread 0x00ca7000 nmethod 767 0x0247e788 code [0x0247e8c0, 0x0247ea84]
Event: 6.261 Thread 0x00ca7000  768             javax.swing.plaf.nimbus.NimbusStyle::getNextState (263 bytes)
Event: 6.264 Thread 0x00ca7000 nmethod 768 0x0247ed08 code [0x0247ee40, 0x0247f190]

GC Heap History (10 events):
Event: 4.244 GC heap before
{Heap before GC invocations=13 (full 1):
 def new generation   total 4992K, used 4992K [0x04400000, 0x04960000, 0x09950000)
  eden space 4480K, 100% used [0x04400000, 0x04860000, 0x04860000)
  from space 512K, 100% used [0x048e0000, 0x04960000, 0x04960000)
  to   space 512K,   0% used [0x04860000, 0x04860000, 0x048e0000)
 tenured generation   total 10944K, used 7357K [0x09950000, 0x0a400000, 0x14400000)
   the space 10944K,  67% used [0x09950000, 0x0a07f420, 0x0a07f600, 0x0a400000)
 Metaspace       used 15273K, capacity 15492K, committed 15616K, reserved 15744K
Event: 4.251 GC heap after
Heap after GC invocations=14 (full 1):
 def new generation   total 4992K, used 512K [0x04400000, 0x04960000, 0x09950000)
  eden space 4480K,   0% used [0x04400000, 0x04400000, 0x04860000)
  from space 512K, 100% used [0x04860000, 0x048e0000, 0x048e0000)
  to   space 512K,   0% used [0x048e0000, 0x048e0000, 0x04960000)
 tenured generation   total 10944K, used 7964K [0x09950000, 0x0a400000, 0x14400000)
   the space 10944K,  72% used [0x09950000, 0x0a117130, 0x0a117200, 0x0a400000)
 Metaspace       used 15273K, capacity 15492K, committed 15616K, reserved 15744K
}
Event: 4.412 GC heap before
{Heap before GC invocations=14 (full 1):
 def new generation   total 4992K, used 4992K [0x04400000, 0x04960000, 0x09950000)
  eden space 4480K, 100% used [0x04400000, 0x04860000, 0x04860000)
  from space 512K, 100% used [0x04860000, 0x048e0000, 0x048e0000)
  to   space 512K,   0% used [0x048e0000, 0x048e0000, 0x04960000)
 tenured generation   total 10944K, used 7964K [0x09950000, 0x0a400000, 0x14400000)
   the space 10944K,  72% used [0x09950000, 0x0a117130, 0x0a117200, 0x0a400000)
 Metaspace       used 15691K, capacity 15908K, committed 16000K, reserved 16768K
Event: 4.416 GC heap after
Heap after GC invocations=15 (full 1):
 def new generation   total 4992K, used 511K [0x04400000, 0x04960000, 0x09950000)
  eden space 4480K,   0% used [0x04400000, 0x04400000, 0x04860000)
  from space 512K,  99% used [0x048e0000, 0x0495fff8, 0x04960000)
  to   space 512K,   0% used [0x04860000, 0x04860000, 0x048e0000)
 tenured generation   total 10944K, used 8363K [0x09950000, 0x0a400000, 0x14400000)
   the space 10944K,  76% used [0x09950000, 0x0a17acc8, 0x0a17ae00, 0x0a400000)
 Metaspace       used 15691K, capacity 15908K, committed 16000K, reserved 16768K
}
Event: 4.683 GC heap before
{Heap before GC invocations=15 (full 1):
 def new generation   total 4992K, used 4991K [0x04400000, 0x04960000, 0x09950000)
  eden space 4480K, 100% used [0x04400000, 0x04860000, 0x04860000)
  from space 512K,  99% used [0x048e0000, 0x0495fff8, 0x04960000)
  to   space 512K,   0% used [0x04860000, 0x04860000, 0x048e0000)
 tenured generation   total 10944K, used 8363K [0x09950000, 0x0a400000, 0x14400000)
   the space 10944K,  76% used [0x09950000, 0x0a17acc8, 0x0a17ae00, 0x0a400000)
 Metaspace       used 16150K, capacity 16388K, committed 16512K, reserved 16768K
Event: 4.688 GC heap after
Heap after GC invocations=16 (full 1):
 def new generation   total 4992K, used 511K [0x04400000, 0x04960000, 0x09950000)
  eden space 4480K,   0% used [0x04400000, 0x04400000, 0x04860000)
  from space 512K,  99% used [0x04860000, 0x048dfff8, 0x048e0000)
  to   space 512K,   0% used [0x048e0000, 0x048e0000, 0x04960000)
 tenured generation   total 10944K, used 8694K [0x09950000, 0x0a400000, 0x14400000)
   the space 10944K,  79% used [0x09950000, 0x0a1cd830, 0x0a1cda00, 0x0a400000)
 Metaspace       used 16150K, capacity 16388K, committed 16512K, reserved 16768K
}
Event: 4.921 GC heap before
{Heap before GC invocations=16 (full 1):
 def new generation   total 4992K, used 4991K [0x04400000, 0x04960000, 0x09950000)
  eden space 4480K, 100% used [0x04400000, 0x04860000, 0x04860000)
  from space 512K,  99% used [0x04860000, 0x048dfff8, 0x048e0000)
  to   space 512K,   0% used [0x048e0000, 0x048e0000, 0x04960000)
 tenured generation   total 10944K, used 8694K [0x09950000, 0x0a400000, 0x14400000)
   the space 10944K,  79% used [0x09950000, 0x0a1cd830, 0x0a1cda00, 0x0a400000)
 Metaspace       used 16599K, capacity 16807K, committed 16896K, reserved 17792K
Event: 4.924 GC heap after
Heap after GC invocations=17 (full 1):
 def new generation   total 4992K, used 512K [0x04400000, 0x04960000, 0x09950000)
  eden space 4480K,   0% used [0x04400000, 0x04400000, 0x04860000)
  from space 512K, 100% used [0x048e0000, 0x04960000, 0x04960000)
  to   space 512K,   0% used [0x04860000, 0x04860000, 0x048e0000)
 tenured generation   total 10944K, used 9033K [0x09950000, 0x0a400000, 0x14400000)
   the space 10944K,  82% used [0x09950000, 0x0a222438, 0x0a222600, 0x0a400000)
 Metaspace       used 16599K, capacity 16807K, committed 16896K, reserved 17792K
}
Event: 5.080 GC heap before
{Heap before GC invocations=17 (full 1):
 def new generation   total 4992K, used 4992K [0x04400000, 0x04960000, 0x09950000)
  eden space 4480K, 100% used [0x04400000, 0x04860000, 0x04860000)
  from space 512K, 100% used [0x048e0000, 0x04960000, 0x04960000)
  to   space 512K,   0% used [0x04860000, 0x04860000, 0x048e0000)
 tenured generation   total 10944K, used 9033K [0x09950000, 0x0a400000, 0x14400000)
   the space 10944K,  82% used [0x09950000, 0x0a222438, 0x0a222600, 0x0a400000)
 Metaspace       used 17079K, capacity 17287K, committed 17408K, reserved 17792K
Event: 5.083 GC heap after
Heap after GC invocations=18 (full 1):
 def new generation   total 4992K, used 511K [0x04400000, 0x04960000, 0x09950000)
  eden space 4480K,   0% used [0x04400000, 0x04400000, 0x04860000)
  from space 512K,  99% used [0x04860000, 0x048dfff8, 0x048e0000)
  to   space 512K,   0% used [0x048e0000, 0x048e0000, 0x04960000)
 tenured generation   total 10944K, used 9400K [0x09950000, 0x0a400000, 0x14400000)
   the space 10944K,  85% used [0x09950000, 0x0a27e0d0, 0x0a27e200, 0x0a400000)
 Metaspace       used 17079K, capacity 17287K, committed 17408K, reserved 17792K
}

Deoptimization events (0 events):
No events

Internal exceptions (10 events):
Event: 1.285 Thread 0x00a5cc00 Exception <a 'java/lang/ClassNotFoundException': javax/swing/JToolBarSeparator> (0x04763d60) thrown at [D:\re\workspace\8-2-build-windows-i586-cygwin\jdk8u73\6086\hotspot\src\share\vm\classfile\systemDictionary.cpp, line 210]
Event: 1.285 Thread 0x00a5cc00 Exception <a 'java/lang/ClassNotFoundException': ToolBarSeparator> (0x047641b8) thrown at [D:\re\workspace\8-2-build-windows-i586-cygwin\jdk8u73\6086\hotspot\src\share\vm\classfile\systemDictionary.cpp, line 210]
Event: 1.286 Thread 0x00a5cc00 Exception <a 'java/lang/ClassNotFoundException': ToolTip> (0x04764860) thrown at [D:\re\workspace\8-2-build-windows-i586-cygwin\jdk8u73\6086\hotspot\src\share\vm\classfile\systemDictionary.cpp, line 210]
Event: 1.288 Thread 0x00a5cc00 Exception <a 'java/lang/ClassNotFoundException': Tree> (0x04765348) thrown at [D:\re\workspace\8-2-build-windows-i586-cygwin\jdk8u73\6086\hotspot\src\share\vm\classfile\systemDictionary.cpp, line 210]
Event: 1.288 Thread 0x00a5cc00 Exception <a 'java/lang/ClassNotFoundException': Tree> (0x047659e8) thrown at [D:\re\workspace\8-2-build-windows-i586-cygwin\jdk8u73\6086\hotspot\src\share\vm\classfile\systemDictionary.cpp, line 210]
Event: 1.288 Thread 0x00a5cc00 Exception <a 'java/lang/ClassNotFoundException': javax/swing/JTreeCell> (0x04765d20) thrown at [D:\re\workspace\8-2-build-windows-i586-cygwin\jdk8u73\6086\hotspot\src\share\vm\classfile\systemDictionary.cpp, line 210]
Event: 1.288 Thread 0x00a5cc00 Exception <a 'java/lang/ClassNotFoundException': TreeCell> (0x04766168) thrown at [D:\re\workspace\8-2-build-windows-i586-cygwin\jdk8u73\6086\hotspot\src\share\vm\classfile\systemDictionary.cpp, line 210]
Event: 1.288 Thread 0x00a5cc00 Exception <a 'java/lang/ClassNotFoundException': RootPane> (0x04766a48) thrown at [D:\re\workspace\8-2-build-windows-i586-cygwin\jdk8u73\6086\hotspot\src\share\vm\classfile\systemDictionary.cpp, line 210]
Event: 3.667 Thread 0x15033800 Exception <a 'java/lang/NullPointerException'> (0x044369b8) thrown at [D:\re\workspace\8-2-build-windows-i586-cygwin\jdk8u73\6086\hotspot\src\share\vm\runtime\reflection.cpp, line 922]
Event: 3.820 Thread 0x15033800 Exception <a 'java/lang/ArrayIndexOutOfBoundsException': 18> (0x04713e98) thrown at [D:\re\workspace\8-2-build-windows-i586-cygwin\jdk8u73\6086\hotspot\src\share\vm\interpreter\interpreterRuntime.cpp, line 366]

Events (10 events):
Event: 19.890 Thread 0x15033800 DEOPT PACKING pc=0x023f7dd4 sp=0x15f2d370
Event: 19.890 Thread 0x15033800 DEOPT UNPACKING pc=0x0230c5db sp=0x15f2d290 mode 1
Event: 19.890 loading class com/digitalpersona/onetouch/jni/MatchingLibrary
Event: 19.890 loading class com/digitalpersona/onetouch/jni/MatchingLibrary done
Event: 19.891 Thread 0x15033800 DEOPT PACKING pc=0x0241207c sp=0x15f2ce10
Event: 19.891 Thread 0x15033800 DEOPT UNPACKING pc=0x0230c5db sp=0x15f2ccc0 mode 1
Event: 19.891 Thread 0x15033800 DEOPT PACKING pc=0x023f7e68 sp=0x15f2ce60
Event: 19.891 Thread 0x15033800 DEOPT UNPACKING pc=0x0230c5db sp=0x15f2cd80 mode 1
Event: 19.891 Thread 0x15033800 DEOPT PACKING pc=0x023f7dd4 sp=0x15f2cf40
Event: 19.891 Thread 0x15033800 DEOPT UNPACKING pc=0x0230c5db sp=0x15f2ce60 mode 1


Dynamic libraries:
0x00e90000 - 0x00ec3000 	C:\Program Files (x86)\Java\jdk1.8.0_73\bin\java.exe
0x77e30000 - 0x77f98000 	C:\Windows\SYSTEM32\ntdll.dll
0x777d0000 - 0x77910000 	C:\Windows\SYSTEM32\KERNEL32.DLL
0x77910000 - 0x779df000 	C:\Windows\SYSTEM32\KERNELBASE.dll
0x63020000 - 0x630b9000 	C:\Windows\system32\apphelp.dll
0x617e0000 - 0x61a39000 	C:\Windows\AppPatch\AcGenral.DLL
0x75b10000 - 0x75bce000 	C:\Windows\SYSTEM32\msvcrt.dll
0x77790000 - 0x777ce000 	C:\Windows\SYSTEM32\sechost.dll
0x75860000 - 0x7587d000 	C:\Windows\SYSTEM32\SspiCli.dll
0x77590000 - 0x775d1000 	C:\Windows\SYSTEM32\SHLWAPI.dll
0x6e7e0000 - 0x6e8bb000 	C:\Windows\SYSTEM32\UxTheme.dll
0x77440000 - 0x7758f000 	C:\Windows\SYSTEM32\USER32.dll
0x75c10000 - 0x75d18000 	C:\Windows\SYSTEM32\GDI32.dll
0x75670000 - 0x75690000 	C:\Windows\SYSTEM32\WINMM.dll
0x74cb0000 - 0x74cc2000 	C:\Windows\SYSTEM32\samcli.dll
0x77c50000 - 0x77d5c000 	C:\Windows\SYSTEM32\ole32.dll
0x75880000 - 0x75907000 	C:\Windows\SYSTEM32\OLEAUT32.dll
0x6d800000 - 0x6d815000 	C:\Windows\SYSTEM32\MSACM32.dll
0x75640000 - 0x75648000 	C:\Windows\SYSTEM32\VERSION.dll
0x75ec0000 - 0x7706d000 	C:\Windows\SYSTEM32\SHELL32.dll
0x757d0000 - 0x757e9000 	C:\Windows\SYSTEM32\USERENV.dll
0x74ce0000 - 0x74cf8000 	C:\Windows\SYSTEM32\dwmapi.dll
0x75690000 - 0x757b2000 	C:\Windows\SYSTEM32\urlmon.dll
0x77300000 - 0x77378000 	C:\Windows\SYSTEM32\ADVAPI32.dll
0x74e00000 - 0x74e5e000 	C:\Windows\SYSTEM32\WINSPOOL.DRV
0x74b60000 - 0x74b74000 	C:\Windows\SYSTEM32\MPR.dll
0x77380000 - 0x77431000 	C:\Windows\SYSTEM32\RPCRT4.dll
0x75850000 - 0x75859000 	C:\Windows\SYSTEM32\CRYPTBASE.dll
0x75d20000 - 0x75e6e000 	C:\Windows\SYSTEM32\combase.dll
0x75210000 - 0x75230000 	C:\Windows\SYSTEM32\WINMMBASE.dll
0x75450000 - 0x7545e000 	C:\Windows\SYSTEM32\profapi.dll
0x75230000 - 0x75449000 	C:\Windows\SYSTEM32\iertutil.dll
0x75480000 - 0x7563d000 	C:\Windows\SYSTEM32\WININET.dll
0x757f0000 - 0x75843000 	C:\Windows\SYSTEM32\bcryptPrimitives.dll
0x77b70000 - 0x77baa000 	C:\Windows\SYSTEM32\cfgmgr32.dll
0x751a0000 - 0x751bf000 	C:\Windows\SYSTEM32\DEVOBJ.dll
0x75010000 - 0x75086000 	C:\Windows\SYSTEM32\SHCORE.DLL
0x77070000 - 0x77095000 	C:\Windows\system32\IMM32.DLL
0x77640000 - 0x77737000 	C:\Windows\SYSTEM32\MSCTF.dll
0x6e5f0000 - 0x6e7d6000 	C:\Windows\WinSxS\x86_microsoft.windows.common-controls_6595b64144ccf1df_6.0.9600.17031_none_a9efdb8b01377ea7\COMCTL32.dll
0x63cb0000 - 0x63d6f000 	C:\Program Files (x86)\Java\jdk1.8.0_73\jre\bin\msvcr100.dll
0x63d70000 - 0x64138000 	C:\Program Files (x86)\Java\jdk1.8.0_73\jre\bin\client\jvm.dll
0x6b9c0000 - 0x6b9c8000 	C:\Windows\SYSTEM32\WSOCK32.dll
0x779e0000 - 0x779e6000 	C:\Windows\SYSTEM32\PSAPI.DLL
0x77740000 - 0x7778d000 	C:\Windows\SYSTEM32\WS2_32.dll
0x75c00000 - 0x75c07000 	C:\Windows\SYSTEM32\NSI.dll
0x63c60000 - 0x63c6c000 	C:\Program Files (x86)\Java\jdk1.8.0_73\jre\bin\verify.dll
0x63c30000 - 0x63c51000 	C:\Program Files (x86)\Java\jdk1.8.0_73\jre\bin\java.dll
0x63150000 - 0x63179000 	C:\Program Files (x86)\Java\jdk1.8.0_73\jre\bin\jdwp.dll
0x63140000 - 0x63147000 	C:\Program Files (x86)\Java\jdk1.8.0_73\jre\bin\npt.dll
0x63b90000 - 0x63ba3000 	C:\Program Files (x86)\Java\jdk1.8.0_73\jre\bin\zip.dll
0x5e540000 - 0x5e549000 	C:\Program Files (x86)\Java\jdk1.8.0_73\jre\bin\dt_shmem.dll
0x63a10000 - 0x63b55000 	C:\Program Files (x86)\Java\jdk1.8.0_73\jre\bin\awt.dll
0x74c20000 - 0x74c29000 	C:\Windows\SYSTEM32\kernel.appcore.dll
0x639d0000 - 0x63a09000 	C:\Program Files (x86)\Java\jdk1.8.0_73\jre\bin\fontmanager.dll
0x77120000 - 0x771a6000 	C:\Windows\WinSxS\x86_microsoft.windows.common-controls_6595b64144ccf1df_5.82.9600.16384_none_7c55c866aa0c3ff0\comctl32.dll
0x63b70000 - 0x63b86000 	C:\Program Files (x86)\Java\jdk1.8.0_73\jre\bin\net.dll
0x73f10000 - 0x73f55000 	C:\Windows\system32\mswsock.dll
0x63b60000 - 0x63b6f000 	C:\Program Files (x86)\Java\jdk1.8.0_73\jre\bin\nio.dll
0x639a0000 - 0x639d0000 	C:\Program Files (x86)\Java\jdk1.8.0_73\jre\bin\t2k.dll
0x770a0000 - 0x7711d000 	C:\Windows\SYSTEM32\clbcatq.dll
0x749b0000 - 0x74ad3000 	C:\Windows\SYSTEM32\PROPSYS.dll
0x637f0000 - 0x63989000 	C:\Windows\system32\NetworkExplorer.dll
0x75910000 - 0x75abd000 	C:\Windows\SYSTEM32\SETUPAPI.dll
0x6e350000 - 0x6e359000 	C:\Windows\System32\drprov.dll
0x74d90000 - 0x74dd2000 	C:\Windows\System32\WINSTA.dll
0x6e330000 - 0x6e341000 	C:\Windows\System32\ntlanman.dll
0x6e310000 - 0x6e329000 	C:\Windows\System32\davclnt.dll
0x6e300000 - 0x6e309000 	C:\Windows\System32\DAVHLPR.dll
0x751c0000 - 0x751d0000 	C:\Windows\System32\wkscli.dll
0x6e2f0000 - 0x6e2fd000 	C:\Windows\SYSTEM32\cscapi.dll
0x751f0000 - 0x751fa000 	C:\Windows\System32\netutils.dll
0x63760000 - 0x637c6000 	C:\Windows\SYSTEM32\dlnashext.dll
0x617a0000 - 0x617d5000 	C:\Windows\System32\PlayToDevice.dll
0x74b20000 - 0x74b38000 	C:\Windows\SYSTEM32\CRYPTSP.dll
0x74810000 - 0x7483f000 	C:\Windows\system32\rsaenh.dll
0x74b40000 - 0x74b5d000 	C:\Windows\SYSTEM32\bcrypt.dll
0x63700000 - 0x63718000 	C:\Windows\System32\DevDispItemProvider.dll
0x63290000 - 0x63469000 	C:\Windows\system32\wpdshext.dll
0x73520000 - 0x7366d000 	C:\Windows\WinSxS\x86_microsoft.windows.gdiplus_6595b64144ccf1df_1.1.9600.17056_none_dadc5d1c5bc8ab48\gdiplus.dll
0x6b930000 - 0x6b9b4000 	C:\Windows\SYSTEM32\PortableDeviceApi.dll
0x75ad0000 - 0x75b08000 	C:\Windows\SYSTEM32\WINTRUST.dll
0x779f0000 - 0x77b6f000 	C:\Windows\SYSTEM32\CRYPT32.dll
0x77bb0000 - 0x77bbe000 	C:\Windows\SYSTEM32\MSASN1.dll
0x636c0000 - 0x636fc000 	C:\Windows\system32\audiodev.dll
0x622a0000 - 0x624d9000 	C:\Windows\system32\WMVCore.DLL
0x63680000 - 0x636b6000 	C:\Windows\system32\WMASF.DLL
0x64cc0000 - 0x64cca000 	C:\Windows\SYSTEM32\LINKINFO.dll
0x6db30000 - 0x6dc7d000 	C:\Windows\SYSTEM32\WindowsCodecs.dll
0x630c0000 - 0x630e6000 	C:\Program Files (x86)\Java\jdk1.8.0_73\jre\bin\jpeg.dll
0x744e0000 - 0x7455c000 	C:\Windows\SYSTEM32\DNSAPI.dll
0x739b0000 - 0x739b7000 	C:\Windows\System32\rasadhlp.dll
0x6e5a0000 - 0x6e5e4000 	C:\Windows\System32\fwpuclnt.dll
0x75650000 - 0x7566e000 	C:\Windows\SYSTEM32\IPHLPAPI.DLL
0x75200000 - 0x75208000 	C:\Windows\SYSTEM32\WINNSI.DLL
0x74b80000 - 0x74b92000 	C:\Windows\SYSTEM32\dhcpcsvc6.DLL
0x74b00000 - 0x74b13000 	C:\Windows\SYSTEM32\dhcpcsvc.DLL
0x18120000 - 0x1812b000 	C:\Windows\System32\otdpfpjni.dll
0x18140000 - 0x18198000 	C:\Windows\SYSTEM32\DPFPApi.DLL
0x5e3e0000 - 0x5e467000 	C:\Windows\WinSxS\x86_microsoft.vc80.crt_1fc8b3b9a1e18e3b_8.0.50727.8428_none_d08a11e2442dc25d\MSVCP80.dll
0x5e340000 - 0x5e3db000 	C:\Windows\WinSxS\x86_microsoft.vc80.crt_1fc8b3b9a1e18e3b_8.0.50727.8428_none_d08a11e2442dc25d\MSVCR80.dll
0x181c0000 - 0x181fc000 	C:\Windows\system32\DPCLBACK.dll
0x75460000 - 0x75472000 	C:\Windows\SYSTEM32\NETAPI32.dll
0x751d0000 - 0x751eb000 	C:\Windows\SYSTEM32\srvcli.dll
0x16b60000 - 0x16b67000 	C:\Windows\System32\otfxjni.dll
0x61490000 - 0x614a9000 	C:\Windows\SYSTEM32\dpHFtrEx.dll
0x16b90000 - 0x16b98000 	C:\Windows\System32\otmcjni.dll
0x5e510000 - 0x5e537000 	C:\Windows\SYSTEM32\dpHMatch.dll
0x74e60000 - 0x74fa8000 	C:\Windows\SYSTEM32\dbghelp.dll

VM Arguments:
jvm_args: -Xdebug -Xrunjdwp:transport=dt_shmem,address=javadebug -Dfile.encoding=UTF-8 
java_command: birdpoint.telas.CadastroConfirmarPresentePonto
java_class_path (initial): C:\Program Files (x86)\NetBeans 8.1\java\modules\ext\AbsoluteLayout.jar;C:\Program Files (x86)\NetBeans 8.1\java\modules\ext\eclipselink\javax.persistence_2.1.0.v201304241213.jar;C:\Program Files (x86)\NetBeans 8.1\java\modules\ext\hibernate4\antlr-2.7.7.jar;C:\Program Files (x86)\NetBeans 8.1\java\modules\ext\hibernate4\c3p0-0.9.2.1.jar;C:\Program Files (x86)\NetBeans 8.1\java\modules\ext\hibernate4\hibernate-c3p0-4.3.1.Final.jar;C:\Program Files (x86)\NetBeans 8.1\java\modules\ext\hibernate4\mchange-commons-java-0.2.3.4.jar;C:\Program Files (x86)\NetBeans 8.1\java\modules\ext\hibernate4\dom4j-1.6.1.jar;C:\Program Files (x86)\NetBeans 8.1\java\modules\ext\hibernate4\ehcache-core-2.4.3.jar;C:\Program Files (x86)\NetBeans 8.1\java\modules\ext\hibernate4\hibernate-ehcache-4.3.1.Final.jar;C:\Program Files (x86)\NetBeans 8.1\java\modules\ext\hibernate4\hibernate-core-4.3.1.Final.jar;C:\Program Files (x86)\NetBeans 8.1\java\modules\ext\hibernate4\jboss-logging-3.1.3.GA.jar;C:\Program Files (x86)\NetBeans 8.1\java\modules\ext\hibernate4\hibernate-commons-annotations-4.0.4.Final.jar;C:\Program Files (x86)\NetBeans 8.1\java\modules\ext\hibernate4\hibernate-entitymanager-4.3.1.Final.jar;C:\Program Files (x86)\NetBeans 8.1\java\modules\ext\hibernate4\javassist-3.18.1-GA.jar;C:\Program Files (x86)\NetBeans 8.1\java\modules\ext\hibernate4\jboss-transaction-api_1.2_spec-1.0.0.Final.jar;C:\Program Files (x86)\NetBeans 8.1\java\modules\ext\hibernate4\slf4j-api-1.6.1.jar;C:\Program Files (x86)\NetBeans 8.1\java\modules\ext\hibernate4\slf4j-simple-1.6.1.jar;C:\Program Files (x86)\NetBeans 8.1\ide\modules\ext\mysql-connector-java-5.1.23-bin.jar;C:\Program Files (x86)\NetBeans 8.1\java\modules\ext\hibernate4\hibernate-jpa-2.1-api-1.0.0.Final.jar;C:\Program Files (x86)\NetBeans 8.1\java\modules\ext\hibernate4\hibernate-jpamodelgen-4.3.1.Final.jar;C:\Program Files (x86)\NetBeans 8.1\java\modules\ext\beansbinding-1.2.1.jar;C:\Users\Adriano Lima\Desktop\SDK\Ot
Launcher Type: SUN_STANDARD

Environment Variables:
PATH=C:\ProgramData\Oracle\Java\javapath;C:\Windows\system32;C:\Windows;C:\Windows\System32\Wbem;C:\Windows\System32\WindowsPowerShell\v1.0\
USERNAME=Adriano Lima
OS=Windows_NT
PROCESSOR_IDENTIFIER=Intel64 Family 6 Model 58 Stepping 9, GenuineIntel



---------------  S Y S T E M  ---------------

OS: Windows 8.1 , 64 bit Build 9600 (6.3.9600.17056)

CPU:total 4 (2 cores per cpu, 2 threads per core) family 6 model 58 stepping 9, cmov, cx8, fxsr, mmx, sse, sse2, sse3, ssse3, sse4.1, sse4.2, popcnt, avx, clmul, erms, ht, tsc, tscinvbit, tscinv

Memory: 4k page, physical 4088916k(1203176k free), swap 4809812k(1067436k free)

vm_info: Java HotSpot(TM) Client VM (25.73-b02) for windows-x86 JRE (1.8.0_73-b02), built on Jan 29 2016 17:05:52 by "java_re" with MS VC++ 10.0 (VS2010)

time: Fri Sep 23 19:17:42 2016
elapsed time: 19 seconds (0d 0h 0m 19s)

